16 [140391190185856] INFO perfrun.launcher <> - Launcher main begin
17 [140391190185856] INFO perfrun.launcher <> - MessageCatalogInit finished
17 [140391190185856] INFO perfrun.launcher <> - Launcher instance created
17 [140391190185856] INFO perfrun.launcher <> - argc = 6; cmdline = /opt/intel/oneapi/vtune/2022.2.0/bin64/amplxe-runss -dump-vdso -r /home/mario/Documentos/masterIngenieriaInformatica/computacionAltasPrestaciones/tema4_paralelizacionBasadaEnMemoriaCompartida/vtune_projects_lab2/head2D_vtProject/r006hs --tmp-dir /tmp/amplxe-tmp-mario 
100 [140391190185856] INFO perfrun.launcher <> - create msngr2::ICliToolContext
100 [140391190185856] INFO perfrun.launcher <> - create file finder object
101 [140391180670720] INFO perfrun.launcher <> - plugin [remoteplug] was disabled because it doesn't support the given collection type.
101 [140391180670720] INFO perfrun.launcher <> - plugin [system] was disabled because it doesn't support the given collection type.
101 [140391180670720] INFO perfrun.vdso <> - dumping [vdso] pseudomodule
430 [140391180670720] INFO perfrun.launcher <> - plugin [itt] was disabled because it doesn't support the given collection type.
430 [140391180670720] INFO perfrun.launcher <> - plugin [ptracecollector] was disabled because it doesn't support the given collection type.
430 [140391180670720] INFO perfrun.launcher <> - plugin [gpu] was disabled because it doesn't support the given collection type.
430 [140391180670720] INFO perfrun.launcher <> - plugin [] was disabled because it doesn't support the given collection type.
430 [140391180670720] INFO perfrun.launcher <> - plugin [] was disabled because it doesn't support the given collection type.
430 [140391180670720] INFO perfrun.launcher <> - plugin [] was disabled because it doesn't support the given collection type.
430 [140391180670720] INFO perfrun.launcher <> - plugin [mrte] was disabled because it doesn't support the given collection type.
430 [140391180670720] INFO perfrun.launcher <> - plugin [emon] was disabled because it doesn't support the given collection type.
430 [140391180670720] INFO perfrun.launcher <> - plugin [cuscol] was disabled because it doesn't support the given collection type.
430 [140391180670720] INFO perfrun.launcher <> - plugin [stdsrc] was disabled because it doesn't support the given collection type.
430 [140391180670720] INFO perfrun.launcher <> - plugin [sep] was disabled because it doesn't support the given collection type.
430 [140391180670720] INFO perfrun.launcher <> - plugin [vtsspp] was disabled because it doesn't support the given collection type.
430 [140391180670720] INFO perfrun.launcher <> - plugin [perf] was disabled because it doesn't support the given collection type.
430 [140391180670720] INFO perfrun.launcher <> - plugin [aoclprofile] was disabled because it doesn't support the given collection type.
430 [140391180670720] INFO perfrun.launcher <> - plugin [tpss] was disabled because it doesn't support the given collection type.
430 [140391180670720] INFO perfrun.launcher <> - plugin [media] was disabled because it doesn't support the given collection type.
430 [140391180670720] INFO perfrun.launcher <> - plugin [] was disabled because it doesn't support the given collection type.
430 [140391180670720] INFO perfrun.launcher <> - plugin [] was disabled because it doesn't support the given collection type.
431 [140391180670720] INFO perfrun.launcher <> - plugin [parallelfs] was disabled because it doesn't support the given collection type.
431 [140391180670720] INFO perfrun.launcher <> - plugin [power] was disabled because it doesn't support the given collection type.
431 [140391180670720] INFO perfrun.launcher <> - plugin [hwloc] was disabled because it doesn't support the given collection type.
431 [140391180670720] INFO perfrun.launcher <> - plugin [ipmwatch] was disabled because it doesn't support the given collection type.
431 [140391180670720] INFO perfrun.launcher <> - plugin [os_counters] was disabled because it doesn't support the given collection type.
431 [140391180670720] INFO perfrun.launcher <> - plugin [l0_metrics] was disabled because it doesn't support the given collection type.
431 [140391190185856] INFO perfrun.launcher <> - Application exit code: 0
431 [140391190185856] INFO perfrun.launcher <> - Exit code: 0
