15 [140492848015232] INFO perfrun.launcher <> - Launcher main begin
16 [140492848015232] INFO perfrun.launcher <> - MessageCatalogInit finished
16 [140492848015232] INFO perfrun.launcher <> - Launcher instance created
16 [140492848015232] INFO perfrun.launcher <> - argc = 7; cmdline = /opt/intel/oneapi/vtune/2022.2.0/bin64/amplxe-runss --ui-output-format xml --ui-output-fd 14 --option-file /home/mario/Documentos/masterIngenieriaInformatica/computacionAltasPrestaciones/tema4_paralelizacionBasadaEnMemoriaCompartida/vtune_projects_lab2/head2D_vtProject/r024tr/config/runss.options 
91 [140492848015232] INFO perfrun.launcher <> - create msngr2::ICliToolContext
91 [140492848015232] INFO perfrun.launcher <> - create file finder object
92 [140492848015232] INFO perfrun.launcher <> - create a result directory: pattern = /home/mario/Documentos/masterIngenieriaInformatica/computacionAltasPrestaciones/tema4_paralelizacionBasadaEnMemoriaCompartida/vtune_projects_lab2/head2D_vtProject/r024tr pid = 4294967295
95 [140492848015232] INFO perfrun.sdk <> - checked that the directory /home/mario/Documentos/masterIngenieriaInformatica/computacionAltasPrestaciones/tema4_paralelizacionBasadaEnMemoriaCompartida/vtune_projects_lab2/head2D_vtProject/r024tr is a local directory
95 [140492848015232] INFO perfrun.sdk <> - the directory /home/mario/Documentos/masterIngenieriaInformatica/computacionAltasPrestaciones/tema4_paralelizacionBasadaEnMemoriaCompartida/vtune_projects_lab2/head2D_vtProject/r024tr is a local directory with FS type ID 61267
95 [140492848015232] INFO perfrun.launcher <> - create data directory = /home/mario/Documentos/masterIngenieriaInformatica/computacionAltasPrestaciones/tema4_paralelizacionBasadaEnMemoriaCompartida/vtune_projects_lab2/head2D_vtProject/r024tr/data.0
96 [140492848015232] INFO perfrun.launcher <> - Creating the master collection flag
175 [140492848015232] INFO perfrun.launcher <> - Done creating the master collection flag
176 [140492838500096] INFO perfrun.launcher <> - plugin [remoteplug] was disabled because it doesn't support the given collection type.
176 [140492838500096] INFO perfrun.sdk <> - Allocating TMU :/home/mario/Documentos/masterIngenieriaInformatica/computacionAltasPrestaciones/tema4_paralelizacionBasadaEnMemoriaCompartida/vtune_projects_lab2/head2D_vtProject/r024tr/data.0/systemcollector-11163-debian.sc
176 [140492838500096] INFO perfrun.system <> - Tpss based collection
176 [140492838500096] INFO perfrun.launcher <> - plugin [ptracecollector] was disabled because it doesn't support the given collection type.
176 [140492838500096] INFO perfrun.launcher <> - plugin [gpu] was disabled because it doesn't support the given collection type.
176 [140492838500096] INFO perfrun.launcher <> - plugin [] was disabled because it doesn't support the given collection type.
176 [140492838500096] INFO perfrun.launcher <> - plugin [] was disabled because it doesn't support the given collection type.
176 [140492838500096] INFO perfrun.launcher <> - plugin [] was disabled because it doesn't support the given collection type.
176 [140492838500096] INFO perfrun.mrte <> - system-wide mode is 0
176 [140492838500096] INFO perfrun.mrte <> - Getting  mrte profiling environment ...
222 [140492838500096] INFO perfrun.mrte <> - INTEL_MRTE_DATA_DIR=/home/mario/Documentos/masterIngenieriaInformatica/computacionAltasPrestaciones/tema4_paralelizacionBasadaEnMemoriaCompartida/vtune_projects_lab2/head2D_vtProject/r024tr/data.0
222 [140492838500096] INFO perfrun.mrte <> - INTEL_MRTE_HOST_NAME=debian
222 [140492838500096] INFO perfrun.mrte <> - JAVA_TOOL_OPTIONS=-agentlib:amplxe_tpssmrte_javaprof_1.0 -Dsun.boot.library.path=/opt/intel/oneapi/vtune/2022.2.0/lib32/runtime:/opt/intel/oneapi/vtune/2022.2.0/lib64/runtime
222 [140492838500096] INFO perfrun.mrte <> - LD_LIBRARY_PATH=/opt/intel/oneapi/vtune/2022.2.0/lib32/runtime:/opt/intel/oneapi/vtune/2022.2.0/lib64/runtime:/opt/intel/oneapi/vpl/2022.1.0/lib:/opt/intel/oneapi/tbb/2021.6.0/env/../lib/intel64/gcc4.8:/opt/intel/oneapi/mpi/2021.6.0//libfabric/lib:/opt/intel/oneapi/mpi/2021.6.0//lib/release:/opt/intel/oneapi/mpi/2021.6.0//lib:/opt/intel/oneapi/mkl/2022.1.0/lib/intel64:/opt/intel/oneapi/itac/2021.6.0/slib:/opt/intel/oneapi/ipp/2021.6.0/lib/intel64:/opt/intel/oneapi/ippcp/2021.6.0/lib/intel64:/opt/intel/oneapi/ipp/2021.6.0/lib/intel64:/opt/intel/oneapi/dnnl/2022.1.0/cpu_dpcpp_gpu_dpcpp/lib:/opt/intel/oneapi/debugger/2021.6.0/gdb/intel64/lib:/opt/intel/oneapi/debugger/2021.6.0/libipt/intel64/lib:/opt/intel/oneapi/debugger/2021.6.0/dep/lib:/opt/intel/oneapi/dal/2021.6.0/lib/intel64:/opt/intel/oneapi/compiler/2022.1.0/linux/lib:/opt/intel/oneapi/compiler/2022.1.0/linux/lib/x64:/opt/intel/oneapi/compiler/2022.1.0/linux/lib/oclfpga/host/linux64/lib:/opt/intel/oneapi/compiler/2022.1.0/linux/compiler/lib/intel64_lin:/opt/intel/oneapi/ccl/2021.6.0/lib/cpu_gpu_dpcpp
222 [140492838500096] INFO perfrun.mrte <> - CORECLR_ENABLE_PROFILING=1
222 [140492838500096] INFO perfrun.mrte <> - CORECLR_PROFILER={AA5E4821-E3B1-479c-B7FF-5AD047D22CED}
222 [140492838500096] INFO perfrun.mrte <> - CORECLR_PROFILER_PATH=/opt/intel/oneapi/vtune/2022.2.0/lib64/libamplxe_samplingmrte_clrprof_1.0.so
222 [140492838500096] INFO perfrun.mrte <> - INTEL_MRTE_PROFILER_MODE=mixed
222 [140492838500096] INFO perfrun.mrte <> - Data directory: /home/mario/Documentos/masterIngenieriaInformatica/computacionAltasPrestaciones/tema4_paralelizacionBasadaEnMemoriaCompartida/vtune_projects_lab2/head2D_vtProject/r024tr/data.0
222 [140492838500096] INFO perfrun.mrte <> - Mrte plugin is initialized
222 [140492838500096] INFO perfrun.launcher <> - plugin [emon] was disabled because it doesn't support the given collection type.
222 [140492838500096] INFO perfrun.launcher <> - plugin [cuscol] was disabled because it doesn't support the given collection type.
222 [140492838500096] INFO perfrun.launcher <> - plugin [stdsrc] was disabled because it doesn't support the given collection type.
222 [140492838500096] INFO perfrun.launcher <> - plugin [sep] was disabled because it doesn't support the given collection type.
222 [140492838500096] INFO perfrun.launcher <> - plugin [vtsspp] was disabled because it doesn't support the given collection type.
222 [140492838500096] INFO perfrun.launcher <> - plugin [perf] was disabled because it doesn't support the given collection type.
222 [140492838500096] INFO perfrun.launcher <> - plugin [aoclprofile] was disabled because it doesn't support the given collection type.
222 [140492838500096] INFO perfrun.tpss <> - initialize tpss controller
222 [140492838500096] INFO perfrun.tpss <> - configure collection mode: value = cpu:counters:nostack
223 [140492838500096] INFO perfrun.tpss <> - configure collection mode: value = cpu:stack
223 [140492838500096] INFO perfrun.tpss <> - configure collection mode: value = threading:stack
223 [140492838500096] INFO perfrun.tpss <> - configure collection mode: value = waiting:stack
223 [140492838500096] INFO perfrun.tpss <> - configure collection mode: value = io:stack
223 [140492838500096] INFO perfrun.tpss <> - default obj-size-min=1024
223 [140492838500096] INFO perfrun.tpss <> - default hash-table-size=0
223 [140492838500096] INFO perfrun.launcher <> - plugin [media] was disabled because it doesn't support the given collection type.
223 [140492838500096] INFO perfrun.launcher <> - plugin [] was disabled because it doesn't support the given collection type.
223 [140492838500096] INFO perfrun.launcher <> - plugin [] was disabled because it doesn't support the given collection type.
223 [140492838500096] INFO perfrun.launcher <> - plugin [parallelfs] was disabled because it doesn't support the given collection type.
223 [140492838500096] INFO perfrun.launcher <> - plugin [power] was disabled because it doesn't support the given collection type.
223 [140492838500096] INFO perfrun.launcher <> - plugin [hwloc] was disabled because it doesn't support the given collection type.
223 [140492838500096] INFO perfrun.launcher <> - plugin [ipmwatch] was disabled because it doesn't support the given collection type.
223 [140492838500096] INFO perfrun.launcher <> - plugin [os_counters] was disabled because it doesn't support the given collection type.
223 [140492838500096] INFO perfrun.launcher <> - plugin [l0_metrics] was disabled because it doesn't support the given collection type.
223 [140492848015232] INFO perfrun.launcher <> - set environment variable: LD_LIBRARY_PATH = /opt/intel/oneapi/vtune/2022.2.0/lib32/runtime:/opt/intel/oneapi/vtune/2022.2.0/lib64/runtime:/opt/intel/oneapi/vpl/2022.1.0/lib:/opt/intel/oneapi/tbb/2021.6.0/env/../lib/intel64/gcc4.8:/opt/intel/oneapi/mpi/2021.6.0//libfabric/lib:/opt/intel/oneapi/mpi/2021.6.0//lib/release:/opt/intel/oneapi/mpi/2021.6.0//lib:/opt/intel/oneapi/mkl/2022.1.0/lib/intel64:/opt/intel/oneapi/itac/2021.6.0/slib:/opt/intel/oneapi/ipp/2021.6.0/lib/intel64:/opt/intel/oneapi/ippcp/2021.6.0/lib/intel64:/opt/intel/oneapi/ipp/2021.6.0/lib/intel64:/opt/intel/oneapi/dnnl/2022.1.0/cpu_dpcpp_gpu_dpcpp/lib:/opt/intel/oneapi/debugger/2021.6.0/gdb/intel64/lib:/opt/intel/oneapi/debugger/2021.6.0/libipt/intel64/lib:/opt/intel/oneapi/debugger/2021.6.0/dep/lib:/opt/intel/oneapi/dal/2021.6.0/lib/intel64:/opt/intel/oneapi/compiler/2022.1.0/linux/lib:/opt/intel/oneapi/compiler/2022.1.0/linux/lib/x64:/opt/intel/oneapi/compiler/2022.1.0/linux/lib/oclfpga/host/linux64/lib:/opt/intel/oneapi/compiler/2022.1.0/linux/compiler/lib/intel64_lin:/opt/intel/oneapi/ccl/2021.6.0/lib/cpu_gpu_dpcpp
223 [140492848015232] INFO perfrun.launcher <> - set environment variable: INTEL_LIBITTNOTIFY32 = /opt/intel/oneapi/vtune/2022.2.0/lib32/runtime/libittnotify_collector.so
223 [140492848015232] INFO perfrun.launcher <> - set environment variable: INTEL_LIBITTNOTIFY64 = /opt/intel/oneapi/vtune/2022.2.0/lib64/runtime/libittnotify_collector.so
223 [140492848015232] INFO perfrun.launcher <> - set environment variable: INTEL_ITTNOTIFY_GROUPS = 
223 [140492848015232] INFO perfrun.launcher <> - set environment variable: INTEL_JIT_PROFILER32 = /opt/intel/oneapi/vtune/2022.2.0/lib32/runtime/libittnotify_collector.so
223 [140492848015232] INFO perfrun.launcher <> - set environment variable: INTEL_JIT_PROFILER64 = /opt/intel/oneapi/vtune/2022.2.0/lib64/runtime/libittnotify_collector.so
223 [140492848015232] INFO perfrun.launcher <> - set environment variable: VS_PROFILER = libittnotify_collector.so
223 [140492848015232] INFO perfrun.launcher <> - set environment variable: OMP_TOOL_LIBRARIES = /opt/intel/oneapi/vtune/2022.2.0/lib32/runtime/libittnotify_collector.so:/opt/intel/oneapi/vtune/2022.2.0/lib64/runtime/libittnotify_collector.so
223 [140492848015232] INFO perfrun.launcher <> - set environment variable: ENABLE_JITPROFILING = 1
223 [140492848015232] INFO perfrun.launcher <> - set environment variable: CL_CONFIG_USE_VTUNE = True
223 [140492848015232] INFO perfrun.launcher <> - set environment variable: INTEL_MRTE_DATA_DIR = /home/mario/Documentos/masterIngenieriaInformatica/computacionAltasPrestaciones/tema4_paralelizacionBasadaEnMemoriaCompartida/vtune_projects_lab2/head2D_vtProject/r024tr/data.0
223 [140492848015232] INFO perfrun.launcher <> - set environment variable: INTEL_MRTE_HOST_NAME = debian
223 [140492848015232] INFO perfrun.launcher <> - set environment variable: JAVA_TOOL_OPTIONS = -agentlib:amplxe_tpssmrte_javaprof_1.0 -Dsun.boot.library.path=/opt/intel/oneapi/vtune/2022.2.0/lib32/runtime:/opt/intel/oneapi/vtune/2022.2.0/lib64/runtime
224 [140492848015232] INFO perfrun.launcher <> - set environment variable: LD_LIBRARY_PATH = /opt/intel/oneapi/vtune/2022.2.0/lib32/runtime:/opt/intel/oneapi/vtune/2022.2.0/lib64/runtime:/opt/intel/oneapi/vpl/2022.1.0/lib:/opt/intel/oneapi/tbb/2021.6.0/env/../lib/intel64/gcc4.8:/opt/intel/oneapi/mpi/2021.6.0//libfabric/lib:/opt/intel/oneapi/mpi/2021.6.0//lib/release:/opt/intel/oneapi/mpi/2021.6.0//lib:/opt/intel/oneapi/mkl/2022.1.0/lib/intel64:/opt/intel/oneapi/itac/2021.6.0/slib:/opt/intel/oneapi/ipp/2021.6.0/lib/intel64:/opt/intel/oneapi/ippcp/2021.6.0/lib/intel64:/opt/intel/oneapi/ipp/2021.6.0/lib/intel64:/opt/intel/oneapi/dnnl/2022.1.0/cpu_dpcpp_gpu_dpcpp/lib:/opt/intel/oneapi/debugger/2021.6.0/gdb/intel64/lib:/opt/intel/oneapi/debugger/2021.6.0/libipt/intel64/lib:/opt/intel/oneapi/debugger/2021.6.0/dep/lib:/opt/intel/oneapi/dal/2021.6.0/lib/intel64:/opt/intel/oneapi/compiler/2022.1.0/linux/lib:/opt/intel/oneapi/compiler/2022.1.0/linux/lib/x64:/opt/intel/oneapi/compiler/2022.1.0/linux/lib/oclfpga/host/linux64/lib:/opt/intel/oneapi/compiler/2022.1.0/linux/compiler/lib/intel64_lin:/opt/intel/oneapi/ccl/2021.6.0/lib/cpu_gpu_dpcpp
224 [140492848015232] INFO perfrun.launcher <> - set environment variable: CORECLR_ENABLE_PROFILING = 1
224 [140492848015232] INFO perfrun.launcher <> - set environment variable: CORECLR_PROFILER = {AA5E4821-E3B1-479c-B7FF-5AD047D22CED}
224 [140492848015232] INFO perfrun.launcher <> - set environment variable: CORECLR_PROFILER_PATH = /opt/intel/oneapi/vtune/2022.2.0/lib64/libamplxe_samplingmrte_clrprof_1.0.so
224 [140492848015232] INFO perfrun.launcher <> - set environment variable: INTEL_MRTE_PROFILER_MODE = mixed
224 [140492848015232] INFO perfrun.launcher <> - RpcServer: run RPC server to handle requests
224 [140492848015232] INFO perfrun.launcher <> - Launcher: command line to start before modification = /home/mario/Documentos/masterIngenieriaInformatica/computacionAltasPrestaciones/tema4_paralelizacionBasadaEnMemoriaCompartida/lab2/Heat2D/heat
224 [140492848015232] INFO perfrun.launcher <> - Launcher: command line to start after modification = /opt/intel/oneapi/vtune/2022.2.0/bin64/pin -error_file /home/mario/Documentos/masterIngenieriaInformatica/computacionAltasPrestaciones/tema4_paralelizacionBasadaEnMemoriaCompartida/vtune_projects_lab2/head2D_vtProject/r024tr/data.0/pinerr.tpsslog -detach_reattach -follow_execv -tool_load_option deepbind -t64 /opt/intel/oneapi/vtune/2022.2.0/lib64/libtpsstool.so -t /opt/intel/oneapi/vtune/2022.2.0/lib32/libtpsstool.so -server_name tpss_ipc.11163 -prd_dir /opt/intel/oneapi/vtune/2022.2.0 -- /home/mario/Documentos/masterIngenieriaInformatica/computacionAltasPrestaciones/tema4_paralelizacionBasadaEnMemoriaCompartida/lab2/Heat2D/heat
224 [140492848015232] INFO perfrun.launcher <> - ProcessCreator object was created
225 [140492848015232] INFO perfrun.launcher <> - Launcher: the process was started in suspend mode
226 [140492838500096] WARN perfrun.system <> - Could not do anything with /sys/kernel/debug/kvm: boost::filesystem::status: Permission denied: "/sys/kernel/debug/kvm", at file: vcs/perfrun1/plugins/system/src/trace_writer.cpp:787
226 [140492838500096] WARN perfrun.system <> - File "/var/run/libvirt/qemu/driver.xml" doesn't exist, at file: vcs/perfrun1/plugins/system/src/trace_writer.cpp:892
227 [140492838500096] WARN perfrun.sdk <> - Failed to find xl binary on any of the system paths: /bin, /sbin, /usr/bin, /usr/sbin., at file: vcs/perfrun1/sdk/src/utils.cpp:204
227 [140492838500096] WARN perfrun.system <> - Could not start ContainerMapping collector, at file: vcs/perfrun1/plugins/system/src/controller.cpp:448
241 [140492838500096] INFO perfrun.vdso <> - Helper runtool '/opt/intel/oneapi/vtune/2022.2.0/bin32/amplxe-runss -dump-vdso -r /home/mario/Documentos/masterIngenieriaInformatica/computacionAltasPrestaciones/tema4_paralelizacionBasadaEnMemoriaCompartida/vtune_projects_lab2/head2D_vtProject/r024tr --tmp-dir /tmp/amplxe-tmp-mario' returned 1
447 [140492838500096] INFO perfrun.vdso <> - Helper runtool '/opt/intel/oneapi/vtune/2022.2.0/bin64/amplxe-runss -dump-vdso -r /home/mario/Documentos/masterIngenieriaInformatica/computacionAltasPrestaciones/tema4_paralelizacionBasadaEnMemoriaCompartida/vtune_projects_lab2/head2D_vtProject/r024tr --tmp-dir /tmp/amplxe-tmp-mario' returned 0
447 [140492838500096] INFO perfrun.itt <> - start itt controller for pid #11171
447 [140492838500096] INFO perfrun.tpss <> - start tpss controller for pid #11171
498 [140492848015232] INFO perfrun.launcher <> - Launcher: all plugins were started
498 [140492848015232] INFO perfrun.launcher <> - DirectoryMonitor object was created
498 [140492848015232] INFO perfrun.launcher <> - DirectoryMonitor: a callback was added
498 [140492848015232] INFO perfrun.launcher <> - DirectoryMonitor was started with pingTime = 1000
498 [140492848015232] INFO perfrun.launcher <> - DeadlineTimer is going to be constructed
498 [140492848015232] INFO perfrun.launcher <> - DeadlineTimer: a callback was added
543 [140492848015232] INFO perfrun.launcher <> - Launcher: resume the profiled application and  wait its termination or stop command
4956 [140492848015232] INFO perfrun.launcher <> - Launcher: the profiled application was terminated  with exit code = 0
4967 [140492838500096] INFO perfrun.itt <> - detach itt controller
4967 [140492838500096] INFO perfrun.itt <> - detach itt controller done
4967 [140492838500096] INFO perfrun.tpss <> - stop tpss controller
4968 [140492838500096] INFO perfrun.sdk <> - De-allocating TMU: /home/mario/Documentos/masterIngenieriaInformatica/computacionAltasPrestaciones/tema4_paralelizacionBasadaEnMemoriaCompartida/vtune_projects_lab2/head2D_vtProject/r024tr/data.0/systemcollector-11163-debian.sc
4968 [140492838500096] INFO perfrun.system <> - closed the system trace file: /home/mario/Documentos/masterIngenieriaInformatica/computacionAltasPrestaciones/tema4_paralelizacionBasadaEnMemoriaCompartida/vtune_projects_lab2/head2D_vtProject/r024tr/data.0/systemcollector-11163-debian.sc
4968 [140492848015232] INFO perfrun.launcher <> - Launcher: all plugins were stopped.
4968 [140492848015232] INFO perfrun.launcher <> - DeadlineTimer is going to be destroyed
4968 [140492848015232] INFO perfrun.launcher <> - DeadlineTimer was destroyed
4968 [140492848015232] INFO perfrun.launcher <> - DirectoryMonitor object was destroyed
4968 [140492848015232] WARN perfrun.launcher <> - Stop command is ignored because it is received when collection is already stopped, at file: vcs/perfrun1/launcher/src/command_handler.cpp:226
4969 [140492848015232] INFO perfrun.launcher <> - Application exit code: 0
4969 [140492848015232] INFO perfrun.launcher <> - Exit code: 0
