18 [140151128000384] INFO perfrun.launcher <> - Launcher main begin
20 [140151128000384] INFO perfrun.launcher <> - MessageCatalogInit finished
20 [140151128000384] INFO perfrun.launcher <> - Launcher instance created
20 [140151128000384] INFO perfrun.launcher <> - argc = 7; cmdline = /opt/intel/oneapi/vtune/2022.2.0/bin64/amplxe-runss --ui-output-format xml --ui-output-fd 14 --option-file /home/mario/Documentos/masterIngenieriaInformatica/computacionAltasPrestaciones/tema4_paralelizacionBasadaEnMemoriaCompartida/vtune_projects_lab2/head2D_vtProject/r001hs/config/runss.options 
100 [140151128000384] INFO perfrun.launcher <> - create msngr2::ICliToolContext
101 [140151128000384] INFO perfrun.launcher <> - create file finder object
101 [140151128000384] INFO perfrun.launcher <> - create a result directory: pattern = /home/mario/Documentos/masterIngenieriaInformatica/computacionAltasPrestaciones/tema4_paralelizacionBasadaEnMemoriaCompartida/vtune_projects_lab2/head2D_vtProject/r001hs pid = 4294967295
103 [140151128000384] INFO perfrun.sdk <> - checked that the directory /home/mario/Documentos/masterIngenieriaInformatica/computacionAltasPrestaciones/tema4_paralelizacionBasadaEnMemoriaCompartida/vtune_projects_lab2/head2D_vtProject/r001hs is a local directory
103 [140151128000384] INFO perfrun.sdk <> - the directory /home/mario/Documentos/masterIngenieriaInformatica/computacionAltasPrestaciones/tema4_paralelizacionBasadaEnMemoriaCompartida/vtune_projects_lab2/head2D_vtProject/r001hs is a local directory with FS type ID 61267
104 [140151128000384] INFO perfrun.launcher <> - create data directory = /home/mario/Documentos/masterIngenieriaInformatica/computacionAltasPrestaciones/tema4_paralelizacionBasadaEnMemoriaCompartida/vtune_projects_lab2/head2D_vtProject/r001hs/data.0
104 [140151128000384] INFO perfrun.launcher <> - Creating the master collection flag
172 [140151128000384] INFO perfrun.launcher <> - Done creating the master collection flag
173 [140151118485248] INFO perfrun.launcher <> - plugin [remoteplug] was disabled because it doesn't support the given collection type.
173 [140151118485248] INFO perfrun.sdk <> - Allocating TMU :/home/mario/Documentos/masterIngenieriaInformatica/computacionAltasPrestaciones/tema4_paralelizacionBasadaEnMemoriaCompartida/vtune_projects_lab2/head2D_vtProject/r001hs/data.0/systemcollector-66703-debian.sc
173 [140151118485248] INFO perfrun.system <> - Tpss based collection
173 [140151118485248] INFO perfrun.launcher <> - plugin [ptracecollector] was disabled because it doesn't support the given collection type.
173 [140151118485248] INFO perfrun.launcher <> - plugin [gpu] was disabled because it doesn't support the given collection type.
174 [140151118485248] INFO perfrun.launcher <> - plugin [] was disabled because it doesn't support the given collection type.
174 [140151118485248] INFO perfrun.launcher <> - plugin [] was disabled because it doesn't support the given collection type.
174 [140151118485248] INFO perfrun.launcher <> - plugin [] was disabled because it doesn't support the given collection type.
174 [140151118485248] INFO perfrun.mrte <> - system-wide mode is 0
174 [140151118485248] INFO perfrun.mrte <> - Getting  mrte profiling environment ...
195 [140151118485248] INFO perfrun.mrte <> - INTEL_MRTE_DATA_DIR=/home/mario/Documentos/masterIngenieriaInformatica/computacionAltasPrestaciones/tema4_paralelizacionBasadaEnMemoriaCompartida/vtune_projects_lab2/head2D_vtProject/r001hs/data.0
195 [140151118485248] INFO perfrun.mrte <> - INTEL_MRTE_HOST_NAME=debian
195 [140151118485248] INFO perfrun.mrte <> - JAVA_TOOL_OPTIONS=-agentlib:amplxe_tpssmrte_javaprof_1.0 -Dsun.boot.library.path=/opt/intel/oneapi/vtune/2022.2.0/lib32/runtime:/opt/intel/oneapi/vtune/2022.2.0/lib64/runtime
195 [140151118485248] INFO perfrun.mrte <> - LD_LIBRARY_PATH=/opt/intel/oneapi/vtune/2022.2.0/lib32/runtime:/opt/intel/oneapi/vtune/2022.2.0/lib64/runtime:/opt/intel/oneapi/vpl/2022.1.0/lib:/opt/intel/oneapi/tbb/2021.6.0/env/../lib/intel64/gcc4.8:/opt/intel/oneapi/mpi/2021.6.0//libfabric/lib:/opt/intel/oneapi/mpi/2021.6.0//lib/release:/opt/intel/oneapi/mpi/2021.6.0//lib:/opt/intel/oneapi/mkl/2022.1.0/lib/intel64:/opt/intel/oneapi/itac/2021.6.0/slib:/opt/intel/oneapi/ipp/2021.6.0/lib/intel64:/opt/intel/oneapi/ippcp/2021.6.0/lib/intel64:/opt/intel/oneapi/ipp/2021.6.0/lib/intel64:/opt/intel/oneapi/dnnl/2022.1.0/cpu_dpcpp_gpu_dpcpp/lib:/opt/intel/oneapi/debugger/2021.6.0/gdb/intel64/lib:/opt/intel/oneapi/debugger/2021.6.0/libipt/intel64/lib:/opt/intel/oneapi/debugger/2021.6.0/dep/lib:/opt/intel/oneapi/dal/2021.6.0/lib/intel64:/opt/intel/oneapi/compiler/2022.1.0/linux/lib:/opt/intel/oneapi/compiler/2022.1.0/linux/lib/x64:/opt/intel/oneapi/compiler/2022.1.0/linux/lib/oclfpga/host/linux64/lib:/opt/intel/oneapi/compiler/2022.1.0/linux/compiler/lib/intel64_lin:/opt/intel/oneapi/ccl/2021.6.0/lib/cpu_gpu_dpcpp
195 [140151118485248] INFO perfrun.mrte <> - CORECLR_ENABLE_PROFILING=1
195 [140151118485248] INFO perfrun.mrte <> - CORECLR_PROFILER={AA5E4821-E3B1-479c-B7FF-5AD047D22CED}
195 [140151118485248] INFO perfrun.mrte <> - CORECLR_PROFILER_PATH=/opt/intel/oneapi/vtune/2022.2.0/lib64/libamplxe_samplingmrte_clrprof_1.0.so
195 [140151118485248] INFO perfrun.mrte <> - INTEL_MRTE_PROFILER_MODE=mixed
195 [140151118485248] INFO perfrun.mrte <> - Data directory: /home/mario/Documentos/masterIngenieriaInformatica/computacionAltasPrestaciones/tema4_paralelizacionBasadaEnMemoriaCompartida/vtune_projects_lab2/head2D_vtProject/r001hs/data.0
195 [140151118485248] INFO perfrun.mrte <> - Mrte plugin is initialized
195 [140151118485248] INFO perfrun.launcher <> - plugin [emon] was disabled because it doesn't support the given collection type.
195 [140151118485248] INFO perfrun.launcher <> - plugin [cuscol] was disabled because it doesn't support the given collection type.
195 [140151118485248] INFO perfrun.launcher <> - plugin [stdsrc] was disabled because it doesn't support the given collection type.
195 [140151118485248] INFO perfrun.launcher <> - plugin [sep] was disabled because it doesn't support the given collection type.
195 [140151118485248] INFO perfrun.launcher <> - plugin [vtsspp] was disabled because it doesn't support the given collection type.
195 [140151118485248] INFO perfrun.launcher <> - plugin [perf] was disabled because it doesn't support the given collection type.
195 [140151118485248] INFO perfrun.launcher <> - plugin [aoclprofile] was disabled because it doesn't support the given collection type.
195 [140151118485248] INFO perfrun.tpss <> - initialize tpss controller
195 [140151118485248] INFO perfrun.tpss <> - configure collection mode: value = cpu:counters:nostack
195 [140151118485248] INFO perfrun.tpss <> - configure collection mode: value = cpu:stack
195 [140151118485248] INFO perfrun.tpss <> - default obj-size-min=1024
195 [140151118485248] INFO perfrun.tpss <> - default hash-table-size=0
195 [140151118485248] INFO perfrun.launcher <> - plugin [media] was disabled because it doesn't support the given collection type.
195 [140151118485248] INFO perfrun.launcher <> - plugin [] was disabled because it doesn't support the given collection type.
195 [140151118485248] INFO perfrun.launcher <> - plugin [] was disabled because it doesn't support the given collection type.
195 [140151118485248] INFO perfrun.launcher <> - plugin [parallelfs] was disabled because it doesn't support the given collection type.
195 [140151118485248] INFO perfrun.launcher <> - plugin [power] was disabled because it doesn't support the given collection type.
195 [140151118485248] INFO perfrun.launcher <> - plugin [hwloc] was disabled because it doesn't support the given collection type.
195 [140151118485248] INFO perfrun.launcher <> - plugin [ipmwatch] was disabled because it doesn't support the given collection type.
196 [140151118485248] INFO perfrun.launcher <> - plugin [os_counters] was disabled because it doesn't support the given collection type.
196 [140151118485248] INFO perfrun.launcher <> - plugin [l0_metrics] was disabled because it doesn't support the given collection type.
196 [140151128000384] INFO perfrun.launcher <> - set environment variable: LD_LIBRARY_PATH = /opt/intel/oneapi/vtune/2022.2.0/lib32/runtime:/opt/intel/oneapi/vtune/2022.2.0/lib64/runtime:/opt/intel/oneapi/vpl/2022.1.0/lib:/opt/intel/oneapi/tbb/2021.6.0/env/../lib/intel64/gcc4.8:/opt/intel/oneapi/mpi/2021.6.0//libfabric/lib:/opt/intel/oneapi/mpi/2021.6.0//lib/release:/opt/intel/oneapi/mpi/2021.6.0//lib:/opt/intel/oneapi/mkl/2022.1.0/lib/intel64:/opt/intel/oneapi/itac/2021.6.0/slib:/opt/intel/oneapi/ipp/2021.6.0/lib/intel64:/opt/intel/oneapi/ippcp/2021.6.0/lib/intel64:/opt/intel/oneapi/ipp/2021.6.0/lib/intel64:/opt/intel/oneapi/dnnl/2022.1.0/cpu_dpcpp_gpu_dpcpp/lib:/opt/intel/oneapi/debugger/2021.6.0/gdb/intel64/lib:/opt/intel/oneapi/debugger/2021.6.0/libipt/intel64/lib:/opt/intel/oneapi/debugger/2021.6.0/dep/lib:/opt/intel/oneapi/dal/2021.6.0/lib/intel64:/opt/intel/oneapi/compiler/2022.1.0/linux/lib:/opt/intel/oneapi/compiler/2022.1.0/linux/lib/x64:/opt/intel/oneapi/compiler/2022.1.0/linux/lib/oclfpga/host/linux64/lib:/opt/intel/oneapi/compiler/2022.1.0/linux/compiler/lib/intel64_lin:/opt/intel/oneapi/ccl/2021.6.0/lib/cpu_gpu_dpcpp
196 [140151128000384] INFO perfrun.launcher <> - set environment variable: INTEL_LIBITTNOTIFY32 = /opt/intel/oneapi/vtune/2022.2.0/lib32/runtime/libittnotify_collector.so
196 [140151128000384] INFO perfrun.launcher <> - set environment variable: INTEL_LIBITTNOTIFY64 = /opt/intel/oneapi/vtune/2022.2.0/lib64/runtime/libittnotify_collector.so
196 [140151128000384] INFO perfrun.launcher <> - set environment variable: INTEL_ITTNOTIFY_GROUPS = 
196 [140151128000384] INFO perfrun.launcher <> - set environment variable: INTEL_JIT_PROFILER32 = /opt/intel/oneapi/vtune/2022.2.0/lib32/runtime/libittnotify_collector.so
196 [140151128000384] INFO perfrun.launcher <> - set environment variable: INTEL_JIT_PROFILER64 = /opt/intel/oneapi/vtune/2022.2.0/lib64/runtime/libittnotify_collector.so
196 [140151128000384] INFO perfrun.launcher <> - set environment variable: VS_PROFILER = libittnotify_collector.so
196 [140151128000384] INFO perfrun.launcher <> - set environment variable: OMP_TOOL_LIBRARIES = /opt/intel/oneapi/vtune/2022.2.0/lib32/runtime/libittnotify_collector.so:/opt/intel/oneapi/vtune/2022.2.0/lib64/runtime/libittnotify_collector.so
196 [140151128000384] INFO perfrun.launcher <> - set environment variable: ENABLE_JITPROFILING = 1
196 [140151128000384] INFO perfrun.launcher <> - set environment variable: CL_CONFIG_USE_VTUNE = True
196 [140151128000384] INFO perfrun.launcher <> - set environment variable: KMP_FORKJOIN_FRAMES = 0
196 [140151128000384] INFO perfrun.launcher <> - set environment variable: KMP_FORKJOIN_FRAMES_MODE = 0
196 [140151128000384] INFO perfrun.launcher <> - set environment variable: OMP_TOOL = disabled
196 [140151128000384] INFO perfrun.launcher <> - set environment variable: INTEL_MRTE_DATA_DIR = /home/mario/Documentos/masterIngenieriaInformatica/computacionAltasPrestaciones/tema4_paralelizacionBasadaEnMemoriaCompartida/vtune_projects_lab2/head2D_vtProject/r001hs/data.0
196 [140151128000384] INFO perfrun.launcher <> - set environment variable: INTEL_MRTE_HOST_NAME = debian
196 [140151128000384] INFO perfrun.launcher <> - set environment variable: JAVA_TOOL_OPTIONS = -agentlib:amplxe_tpssmrte_javaprof_1.0 -Dsun.boot.library.path=/opt/intel/oneapi/vtune/2022.2.0/lib32/runtime:/opt/intel/oneapi/vtune/2022.2.0/lib64/runtime
196 [140151128000384] INFO perfrun.launcher <> - set environment variable: LD_LIBRARY_PATH = /opt/intel/oneapi/vtune/2022.2.0/lib32/runtime:/opt/intel/oneapi/vtune/2022.2.0/lib64/runtime:/opt/intel/oneapi/vpl/2022.1.0/lib:/opt/intel/oneapi/tbb/2021.6.0/env/../lib/intel64/gcc4.8:/opt/intel/oneapi/mpi/2021.6.0//libfabric/lib:/opt/intel/oneapi/mpi/2021.6.0//lib/release:/opt/intel/oneapi/mpi/2021.6.0//lib:/opt/intel/oneapi/mkl/2022.1.0/lib/intel64:/opt/intel/oneapi/itac/2021.6.0/slib:/opt/intel/oneapi/ipp/2021.6.0/lib/intel64:/opt/intel/oneapi/ippcp/2021.6.0/lib/intel64:/opt/intel/oneapi/ipp/2021.6.0/lib/intel64:/opt/intel/oneapi/dnnl/2022.1.0/cpu_dpcpp_gpu_dpcpp/lib:/opt/intel/oneapi/debugger/2021.6.0/gdb/intel64/lib:/opt/intel/oneapi/debugger/2021.6.0/libipt/intel64/lib:/opt/intel/oneapi/debugger/2021.6.0/dep/lib:/opt/intel/oneapi/dal/2021.6.0/lib/intel64:/opt/intel/oneapi/compiler/2022.1.0/linux/lib:/opt/intel/oneapi/compiler/2022.1.0/linux/lib/x64:/opt/intel/oneapi/compiler/2022.1.0/linux/lib/oclfpga/host/linux64/lib:/opt/intel/oneapi/compiler/2022.1.0/linux/compiler/lib/intel64_lin:/opt/intel/oneapi/ccl/2021.6.0/lib/cpu_gpu_dpcpp
197 [140151128000384] INFO perfrun.launcher <> - set environment variable: CORECLR_ENABLE_PROFILING = 1
197 [140151128000384] INFO perfrun.launcher <> - set environment variable: CORECLR_PROFILER = {AA5E4821-E3B1-479c-B7FF-5AD047D22CED}
197 [140151128000384] INFO perfrun.launcher <> - set environment variable: CORECLR_PROFILER_PATH = /opt/intel/oneapi/vtune/2022.2.0/lib64/libamplxe_samplingmrte_clrprof_1.0.so
197 [140151128000384] INFO perfrun.launcher <> - set environment variable: INTEL_MRTE_PROFILER_MODE = mixed
197 [140151128000384] INFO perfrun.launcher <> - RpcServer: run RPC server to handle requests
197 [140151128000384] INFO perfrun.launcher <> - Launcher: command line to start before modification = /home/mario/Documentos/masterIngenieriaInformatica/computacionAltasPrestaciones/tema4_paralelizacionBasadaEnMemoriaCompartida/lab2/Heat2D/heat
197 [140151128000384] INFO perfrun.launcher <> - Launcher: command line to start after modification = /opt/intel/oneapi/vtune/2022.2.0/bin64/pin -error_file /home/mario/Documentos/masterIngenieriaInformatica/computacionAltasPrestaciones/tema4_paralelizacionBasadaEnMemoriaCompartida/vtune_projects_lab2/head2D_vtProject/r001hs/data.0/pinerr.tpsslog -detach_reattach -follow_execv -tool_load_option deepbind -t64 /opt/intel/oneapi/vtune/2022.2.0/lib64/libtpsstool.so -t /opt/intel/oneapi/vtune/2022.2.0/lib32/libtpsstool.so -server_name tpss_ipc.66703 -prd_dir /opt/intel/oneapi/vtune/2022.2.0 -- /home/mario/Documentos/masterIngenieriaInformatica/computacionAltasPrestaciones/tema4_paralelizacionBasadaEnMemoriaCompartida/lab2/Heat2D/heat
197 [140151128000384] INFO perfrun.launcher <> - ProcessCreator object was created
198 [140151128000384] INFO perfrun.launcher <> - Launcher: the process was started in suspend mode
199 [140151118485248] WARN perfrun.system <> - Could not do anything with /sys/kernel/debug/kvm: boost::filesystem::status: Permission denied: "/sys/kernel/debug/kvm", at file: vcs/perfrun1/plugins/system/src/trace_writer.cpp:787
199 [140151118485248] WARN perfrun.system <> - File "/var/run/libvirt/qemu/driver.xml" doesn't exist, at file: vcs/perfrun1/plugins/system/src/trace_writer.cpp:892
200 [140151118485248] WARN perfrun.sdk <> - Failed to find xl binary on any of the system paths: /bin, /sbin, /usr/bin, /usr/sbin., at file: vcs/perfrun1/sdk/src/utils.cpp:204
200 [140151118485248] WARN perfrun.system <> - Could not start ContainerMapping collector, at file: vcs/perfrun1/plugins/system/src/controller.cpp:448
208 [140151118485248] INFO perfrun.vdso <> - Helper runtool '/opt/intel/oneapi/vtune/2022.2.0/bin32/amplxe-runss -dump-vdso -r /home/mario/Documentos/masterIngenieriaInformatica/computacionAltasPrestaciones/tema4_paralelizacionBasadaEnMemoriaCompartida/vtune_projects_lab2/head2D_vtProject/r001hs --tmp-dir /tmp/amplxe-tmp-mario' returned 1
392 [140151118485248] INFO perfrun.vdso <> - Helper runtool '/opt/intel/oneapi/vtune/2022.2.0/bin64/amplxe-runss -dump-vdso -r /home/mario/Documentos/masterIngenieriaInformatica/computacionAltasPrestaciones/tema4_paralelizacionBasadaEnMemoriaCompartida/vtune_projects_lab2/head2D_vtProject/r001hs --tmp-dir /tmp/amplxe-tmp-mario' returned 0
392 [140151118485248] INFO perfrun.itt <> - start itt controller for pid #66713
393 [140151118485248] INFO perfrun.tpss <> - start tpss controller for pid #66713
443 [140151128000384] INFO perfrun.launcher <> - Launcher: all plugins were started
443 [140151128000384] INFO perfrun.launcher <> - DirectoryMonitor object was created
443 [140151128000384] INFO perfrun.launcher <> - DirectoryMonitor: a callback was added
443 [140151128000384] INFO perfrun.launcher <> - DirectoryMonitor was started with pingTime = 1000
443 [140151128000384] INFO perfrun.launcher <> - DeadlineTimer is going to be constructed
443 [140151128000384] INFO perfrun.launcher <> - DeadlineTimer: a callback was added
500 [140151128000384] INFO perfrun.launcher <> - Launcher: resume the profiled application and  wait its termination or stop command
28729 [140151128000384] INFO perfrun.launcher <> - Launcher: the profiled application was terminated  with exit code = 0
28779 [140151118485248] INFO perfrun.itt <> - detach itt controller
28779 [140151118485248] INFO perfrun.itt <> - detach itt controller done
28779 [140151118485248] INFO perfrun.tpss <> - stop tpss controller
28779 [140151118485248] INFO perfrun.sdk <> - De-allocating TMU: /home/mario/Documentos/masterIngenieriaInformatica/computacionAltasPrestaciones/tema4_paralelizacionBasadaEnMemoriaCompartida/vtune_projects_lab2/head2D_vtProject/r001hs/data.0/systemcollector-66703-debian.sc
28779 [140151118485248] INFO perfrun.system <> - closed the system trace file: /home/mario/Documentos/masterIngenieriaInformatica/computacionAltasPrestaciones/tema4_paralelizacionBasadaEnMemoriaCompartida/vtune_projects_lab2/head2D_vtProject/r001hs/data.0/systemcollector-66703-debian.sc
28779 [140151128000384] INFO perfrun.launcher <> - Launcher: all plugins were stopped.
28779 [140151128000384] INFO perfrun.launcher <> - DeadlineTimer is going to be destroyed
28779 [140151128000384] INFO perfrun.launcher <> - DeadlineTimer was destroyed
28779 [140151128000384] INFO perfrun.launcher <> - DirectoryMonitor object was destroyed
28780 [140151128000384] WARN perfrun.launcher <> - Stop command is ignored because it is received when collection is already stopped, at file: vcs/perfrun1/launcher/src/command_handler.cpp:226
28780 [140151128000384] INFO perfrun.launcher <> - Application exit code: 0
28780 [140151128000384] INFO perfrun.launcher <> - Exit code: 0
