18 [140160746715008] INFO perfrun.launcher <> - Launcher main begin
19 [140160746715008] INFO perfrun.launcher <> - MessageCatalogInit finished
19 [140160746715008] INFO perfrun.launcher <> - Launcher instance created
19 [140160746715008] INFO perfrun.launcher <> - argc = 7; cmdline = /opt/intel/oneapi/vtune/2022.2.0/bin64/amplxe-runss --ui-output-format xml --ui-output-fd 14 --option-file /home/mario/Documentos/masterIngenieriaInformatica/computacionAltasPrestaciones/tema4_paralelizacionBasadaEnMemoriaCompartida/vtune_projects_lab2/head2D_vtProject/r011tr/config/runss.options 
107 [140160746715008] INFO perfrun.launcher <> - create msngr2::ICliToolContext
108 [140160746715008] INFO perfrun.launcher <> - create file finder object
108 [140160746715008] INFO perfrun.launcher <> - create a result directory: pattern = /home/mario/Documentos/masterIngenieriaInformatica/computacionAltasPrestaciones/tema4_paralelizacionBasadaEnMemoriaCompartida/vtune_projects_lab2/head2D_vtProject/r011tr pid = 4294967295
111 [140160746715008] INFO perfrun.sdk <> - checked that the directory /home/mario/Documentos/masterIngenieriaInformatica/computacionAltasPrestaciones/tema4_paralelizacionBasadaEnMemoriaCompartida/vtune_projects_lab2/head2D_vtProject/r011tr is a local directory
111 [140160746715008] INFO perfrun.sdk <> - the directory /home/mario/Documentos/masterIngenieriaInformatica/computacionAltasPrestaciones/tema4_paralelizacionBasadaEnMemoriaCompartida/vtune_projects_lab2/head2D_vtProject/r011tr is a local directory with FS type ID 61267
112 [140160746715008] INFO perfrun.launcher <> - create data directory = /home/mario/Documentos/masterIngenieriaInformatica/computacionAltasPrestaciones/tema4_paralelizacionBasadaEnMemoriaCompartida/vtune_projects_lab2/head2D_vtProject/r011tr/data.0
112 [140160746715008] INFO perfrun.launcher <> - Creating the master collection flag
184 [140160746715008] INFO perfrun.launcher <> - Done creating the master collection flag
185 [140160737199872] INFO perfrun.launcher <> - plugin [remoteplug] was disabled because it doesn't support the given collection type.
185 [140160737199872] INFO perfrun.sdk <> - Allocating TMU :/home/mario/Documentos/masterIngenieriaInformatica/computacionAltasPrestaciones/tema4_paralelizacionBasadaEnMemoriaCompartida/vtune_projects_lab2/head2D_vtProject/r011tr/data.0/systemcollector-89562-debian.sc
185 [140160737199872] INFO perfrun.system <> - Tpss based collection
186 [140160737199872] INFO perfrun.launcher <> - plugin [ptracecollector] was disabled because it doesn't support the given collection type.
186 [140160737199872] INFO perfrun.launcher <> - plugin [gpu] was disabled because it doesn't support the given collection type.
186 [140160737199872] INFO perfrun.launcher <> - plugin [] was disabled because it doesn't support the given collection type.
186 [140160737199872] INFO perfrun.launcher <> - plugin [] was disabled because it doesn't support the given collection type.
186 [140160737199872] INFO perfrun.launcher <> - plugin [] was disabled because it doesn't support the given collection type.
186 [140160737199872] INFO perfrun.mrte <> - system-wide mode is 0
186 [140160737199872] INFO perfrun.mrte <> - Getting  mrte profiling environment ...
312 [140160737199872] INFO perfrun.mrte <> - INTEL_MRTE_DATA_DIR=/home/mario/Documentos/masterIngenieriaInformatica/computacionAltasPrestaciones/tema4_paralelizacionBasadaEnMemoriaCompartida/vtune_projects_lab2/head2D_vtProject/r011tr/data.0
312 [140160737199872] INFO perfrun.mrte <> - INTEL_MRTE_HOST_NAME=debian
312 [140160737199872] INFO perfrun.mrte <> - JAVA_TOOL_OPTIONS=-agentlib:amplxe_tpssmrte_javaprof_1.0 -Dsun.boot.library.path=/opt/intel/oneapi/vtune/2022.2.0/lib32/runtime:/opt/intel/oneapi/vtune/2022.2.0/lib64/runtime
312 [140160737199872] INFO perfrun.mrte <> - LD_LIBRARY_PATH=/opt/intel/oneapi/vtune/2022.2.0/lib32/runtime:/opt/intel/oneapi/vtune/2022.2.0/lib64/runtime:/opt/intel/oneapi/vpl/2022.1.0/lib:/opt/intel/oneapi/tbb/2021.6.0/env/../lib/intel64/gcc4.8:/opt/intel/oneapi/mpi/2021.6.0//libfabric/lib:/opt/intel/oneapi/mpi/2021.6.0//lib/release:/opt/intel/oneapi/mpi/2021.6.0//lib:/opt/intel/oneapi/mkl/2022.1.0/lib/intel64:/opt/intel/oneapi/itac/2021.6.0/slib:/opt/intel/oneapi/ipp/2021.6.0/lib/intel64:/opt/intel/oneapi/ippcp/2021.6.0/lib/intel64:/opt/intel/oneapi/ipp/2021.6.0/lib/intel64:/opt/intel/oneapi/dnnl/2022.1.0/cpu_dpcpp_gpu_dpcpp/lib:/opt/intel/oneapi/debugger/2021.6.0/gdb/intel64/lib:/opt/intel/oneapi/debugger/2021.6.0/libipt/intel64/lib:/opt/intel/oneapi/debugger/2021.6.0/dep/lib:/opt/intel/oneapi/dal/2021.6.0/lib/intel64:/opt/intel/oneapi/compiler/2022.1.0/linux/lib:/opt/intel/oneapi/compiler/2022.1.0/linux/lib/x64:/opt/intel/oneapi/compiler/2022.1.0/linux/lib/oclfpga/host/linux64/lib:/opt/intel/oneapi/compiler/2022.1.0/linux/compiler/lib/intel64_lin:/opt/intel/oneapi/ccl/2021.6.0/lib/cpu_gpu_dpcpp
312 [140160737199872] INFO perfrun.mrte <> - CORECLR_ENABLE_PROFILING=1
312 [140160737199872] INFO perfrun.mrte <> - CORECLR_PROFILER={AA5E4821-E3B1-479c-B7FF-5AD047D22CED}
312 [140160737199872] INFO perfrun.mrte <> - CORECLR_PROFILER_PATH=/opt/intel/oneapi/vtune/2022.2.0/lib64/libamplxe_samplingmrte_clrprof_1.0.so
313 [140160737199872] INFO perfrun.mrte <> - INTEL_MRTE_PROFILER_MODE=mixed
313 [140160737199872] INFO perfrun.mrte <> - Data directory: /home/mario/Documentos/masterIngenieriaInformatica/computacionAltasPrestaciones/tema4_paralelizacionBasadaEnMemoriaCompartida/vtune_projects_lab2/head2D_vtProject/r011tr/data.0
313 [140160737199872] INFO perfrun.mrte <> - Mrte plugin is initialized
313 [140160737199872] INFO perfrun.launcher <> - plugin [emon] was disabled because it doesn't support the given collection type.
313 [140160737199872] INFO perfrun.launcher <> - plugin [cuscol] was disabled because it doesn't support the given collection type.
313 [140160737199872] INFO perfrun.launcher <> - plugin [stdsrc] was disabled because it doesn't support the given collection type.
313 [140160737199872] INFO perfrun.launcher <> - plugin [sep] was disabled because it doesn't support the given collection type.
313 [140160737199872] INFO perfrun.launcher <> - plugin [vtsspp] was disabled because it doesn't support the given collection type.
351 [140160737199872] INFO perfrun.launcher <> - plugin [perf] was disabled because it doesn't support the given collection type.
351 [140160737199872] INFO perfrun.launcher <> - plugin [aoclprofile] was disabled because it doesn't support the given collection type.
351 [140160737199872] INFO perfrun.tpss <> - initialize tpss controller
351 [140160737199872] INFO perfrun.tpss <> - configure collection mode: value = cpu:counters:nostack
351 [140160737199872] INFO perfrun.tpss <> - configure collection mode: value = cpu:stack
351 [140160737199872] INFO perfrun.tpss <> - configure collection mode: value = threading:stack
351 [140160737199872] INFO perfrun.tpss <> - configure collection mode: value = waiting:stack
351 [140160737199872] INFO perfrun.tpss <> - configure collection mode: value = io:stack
351 [140160737199872] INFO perfrun.tpss <> - default obj-size-min=1024
351 [140160737199872] INFO perfrun.tpss <> - default hash-table-size=0
352 [140160737199872] INFO perfrun.launcher <> - plugin [media] was disabled because it doesn't support the given collection type.
352 [140160737199872] INFO perfrun.launcher <> - plugin [] was disabled because it doesn't support the given collection type.
352 [140160737199872] INFO perfrun.launcher <> - plugin [] was disabled because it doesn't support the given collection type.
352 [140160737199872] INFO perfrun.launcher <> - plugin [parallelfs] was disabled because it doesn't support the given collection type.
352 [140160737199872] INFO perfrun.launcher <> - plugin [power] was disabled because it doesn't support the given collection type.
352 [140160737199872] INFO perfrun.launcher <> - plugin [hwloc] was disabled because it doesn't support the given collection type.
352 [140160737199872] INFO perfrun.launcher <> - plugin [ipmwatch] was disabled because it doesn't support the given collection type.
352 [140160737199872] INFO perfrun.launcher <> - plugin [os_counters] was disabled because it doesn't support the given collection type.
352 [140160737199872] INFO perfrun.launcher <> - plugin [l0_metrics] was disabled because it doesn't support the given collection type.
352 [140160746715008] INFO perfrun.launcher <> - set environment variable: LD_LIBRARY_PATH = /opt/intel/oneapi/vtune/2022.2.0/lib32/runtime:/opt/intel/oneapi/vtune/2022.2.0/lib64/runtime:/opt/intel/oneapi/vpl/2022.1.0/lib:/opt/intel/oneapi/tbb/2021.6.0/env/../lib/intel64/gcc4.8:/opt/intel/oneapi/mpi/2021.6.0//libfabric/lib:/opt/intel/oneapi/mpi/2021.6.0//lib/release:/opt/intel/oneapi/mpi/2021.6.0//lib:/opt/intel/oneapi/mkl/2022.1.0/lib/intel64:/opt/intel/oneapi/itac/2021.6.0/slib:/opt/intel/oneapi/ipp/2021.6.0/lib/intel64:/opt/intel/oneapi/ippcp/2021.6.0/lib/intel64:/opt/intel/oneapi/ipp/2021.6.0/lib/intel64:/opt/intel/oneapi/dnnl/2022.1.0/cpu_dpcpp_gpu_dpcpp/lib:/opt/intel/oneapi/debugger/2021.6.0/gdb/intel64/lib:/opt/intel/oneapi/debugger/2021.6.0/libipt/intel64/lib:/opt/intel/oneapi/debugger/2021.6.0/dep/lib:/opt/intel/oneapi/dal/2021.6.0/lib/intel64:/opt/intel/oneapi/compiler/2022.1.0/linux/lib:/opt/intel/oneapi/compiler/2022.1.0/linux/lib/x64:/opt/intel/oneapi/compiler/2022.1.0/linux/lib/oclfpga/host/linux64/lib:/opt/intel/oneapi/compiler/2022.1.0/linux/compiler/lib/intel64_lin:/opt/intel/oneapi/ccl/2021.6.0/lib/cpu_gpu_dpcpp
352 [140160746715008] INFO perfrun.launcher <> - set environment variable: INTEL_LIBITTNOTIFY32 = /opt/intel/oneapi/vtune/2022.2.0/lib32/runtime/libittnotify_collector.so
352 [140160746715008] INFO perfrun.launcher <> - set environment variable: INTEL_LIBITTNOTIFY64 = /opt/intel/oneapi/vtune/2022.2.0/lib64/runtime/libittnotify_collector.so
352 [140160746715008] INFO perfrun.launcher <> - set environment variable: INTEL_ITTNOTIFY_GROUPS = 
352 [140160746715008] INFO perfrun.launcher <> - set environment variable: INTEL_JIT_PROFILER32 = /opt/intel/oneapi/vtune/2022.2.0/lib32/runtime/libittnotify_collector.so
352 [140160746715008] INFO perfrun.launcher <> - set environment variable: INTEL_JIT_PROFILER64 = /opt/intel/oneapi/vtune/2022.2.0/lib64/runtime/libittnotify_collector.so
352 [140160746715008] INFO perfrun.launcher <> - set environment variable: VS_PROFILER = libittnotify_collector.so
352 [140160746715008] INFO perfrun.launcher <> - set environment variable: OMP_TOOL_LIBRARIES = /opt/intel/oneapi/vtune/2022.2.0/lib32/runtime/libittnotify_collector.so:/opt/intel/oneapi/vtune/2022.2.0/lib64/runtime/libittnotify_collector.so
352 [140160746715008] INFO perfrun.launcher <> - set environment variable: ENABLE_JITPROFILING = 1
352 [140160746715008] INFO perfrun.launcher <> - set environment variable: CL_CONFIG_USE_VTUNE = True
352 [140160746715008] INFO perfrun.launcher <> - set environment variable: INTEL_MRTE_DATA_DIR = /home/mario/Documentos/masterIngenieriaInformatica/computacionAltasPrestaciones/tema4_paralelizacionBasadaEnMemoriaCompartida/vtune_projects_lab2/head2D_vtProject/r011tr/data.0
352 [140160746715008] INFO perfrun.launcher <> - set environment variable: INTEL_MRTE_HOST_NAME = debian
352 [140160746715008] INFO perfrun.launcher <> - set environment variable: JAVA_TOOL_OPTIONS = -agentlib:amplxe_tpssmrte_javaprof_1.0 -Dsun.boot.library.path=/opt/intel/oneapi/vtune/2022.2.0/lib32/runtime:/opt/intel/oneapi/vtune/2022.2.0/lib64/runtime
352 [140160746715008] INFO perfrun.launcher <> - set environment variable: LD_LIBRARY_PATH = /opt/intel/oneapi/vtune/2022.2.0/lib32/runtime:/opt/intel/oneapi/vtune/2022.2.0/lib64/runtime:/opt/intel/oneapi/vpl/2022.1.0/lib:/opt/intel/oneapi/tbb/2021.6.0/env/../lib/intel64/gcc4.8:/opt/intel/oneapi/mpi/2021.6.0//libfabric/lib:/opt/intel/oneapi/mpi/2021.6.0//lib/release:/opt/intel/oneapi/mpi/2021.6.0//lib:/opt/intel/oneapi/mkl/2022.1.0/lib/intel64:/opt/intel/oneapi/itac/2021.6.0/slib:/opt/intel/oneapi/ipp/2021.6.0/lib/intel64:/opt/intel/oneapi/ippcp/2021.6.0/lib/intel64:/opt/intel/oneapi/ipp/2021.6.0/lib/intel64:/opt/intel/oneapi/dnnl/2022.1.0/cpu_dpcpp_gpu_dpcpp/lib:/opt/intel/oneapi/debugger/2021.6.0/gdb/intel64/lib:/opt/intel/oneapi/debugger/2021.6.0/libipt/intel64/lib:/opt/intel/oneapi/debugger/2021.6.0/dep/lib:/opt/intel/oneapi/dal/2021.6.0/lib/intel64:/opt/intel/oneapi/compiler/2022.1.0/linux/lib:/opt/intel/oneapi/compiler/2022.1.0/linux/lib/x64:/opt/intel/oneapi/compiler/2022.1.0/linux/lib/oclfpga/host/linux64/lib:/opt/intel/oneapi/compiler/2022.1.0/linux/compiler/lib/intel64_lin:/opt/intel/oneapi/ccl/2021.6.0/lib/cpu_gpu_dpcpp
353 [140160746715008] INFO perfrun.launcher <> - set environment variable: CORECLR_ENABLE_PROFILING = 1
353 [140160746715008] INFO perfrun.launcher <> - set environment variable: CORECLR_PROFILER = {AA5E4821-E3B1-479c-B7FF-5AD047D22CED}
353 [140160746715008] INFO perfrun.launcher <> - set environment variable: CORECLR_PROFILER_PATH = /opt/intel/oneapi/vtune/2022.2.0/lib64/libamplxe_samplingmrte_clrprof_1.0.so
353 [140160746715008] INFO perfrun.launcher <> - set environment variable: INTEL_MRTE_PROFILER_MODE = mixed
353 [140160746715008] INFO perfrun.launcher <> - RpcServer: run RPC server to handle requests
353 [140160746715008] INFO perfrun.launcher <> - Launcher: command line to start before modification = /home/mario/Documentos/masterIngenieriaInformatica/computacionAltasPrestaciones/tema4_paralelizacionBasadaEnMemoriaCompartida/lab2/Heat2D/heat
353 [140160746715008] INFO perfrun.launcher <> - Launcher: command line to start after modification = /opt/intel/oneapi/vtune/2022.2.0/bin64/pin -error_file /home/mario/Documentos/masterIngenieriaInformatica/computacionAltasPrestaciones/tema4_paralelizacionBasadaEnMemoriaCompartida/vtune_projects_lab2/head2D_vtProject/r011tr/data.0/pinerr.tpsslog -detach_reattach -follow_execv -tool_load_option deepbind -t64 /opt/intel/oneapi/vtune/2022.2.0/lib64/libtpsstool.so -t /opt/intel/oneapi/vtune/2022.2.0/lib32/libtpsstool.so -server_name tpss_ipc.89562 -prd_dir /opt/intel/oneapi/vtune/2022.2.0 -- /home/mario/Documentos/masterIngenieriaInformatica/computacionAltasPrestaciones/tema4_paralelizacionBasadaEnMemoriaCompartida/lab2/Heat2D/heat
354 [140160746715008] INFO perfrun.launcher <> - ProcessCreator object was created
355 [140160746715008] INFO perfrun.launcher <> - Launcher: the process was started in suspend mode
393 [140160737199872] WARN perfrun.system <> - Could not do anything with /sys/kernel/debug/kvm: boost::filesystem::status: Permission denied: "/sys/kernel/debug/kvm", at file: vcs/perfrun1/plugins/system/src/trace_writer.cpp:787
393 [140160737199872] WARN perfrun.system <> - File "/var/run/libvirt/qemu/driver.xml" doesn't exist, at file: vcs/perfrun1/plugins/system/src/trace_writer.cpp:892
394 [140160737199872] WARN perfrun.sdk <> - Failed to find xl binary on any of the system paths: /bin, /sbin, /usr/bin, /usr/sbin., at file: vcs/perfrun1/sdk/src/utils.cpp:204
394 [140160737199872] WARN perfrun.system <> - Could not start ContainerMapping collector, at file: vcs/perfrun1/plugins/system/src/controller.cpp:448
438 [140160737199872] INFO perfrun.vdso <> - Helper runtool '/opt/intel/oneapi/vtune/2022.2.0/bin32/amplxe-runss -dump-vdso -r /home/mario/Documentos/masterIngenieriaInformatica/computacionAltasPrestaciones/tema4_paralelizacionBasadaEnMemoriaCompartida/vtune_projects_lab2/head2D_vtProject/r011tr --tmp-dir /tmp/amplxe-tmp-mario' returned 1
645 [140160737199872] INFO perfrun.vdso <> - Helper runtool '/opt/intel/oneapi/vtune/2022.2.0/bin64/amplxe-runss -dump-vdso -r /home/mario/Documentos/masterIngenieriaInformatica/computacionAltasPrestaciones/tema4_paralelizacionBasadaEnMemoriaCompartida/vtune_projects_lab2/head2D_vtProject/r011tr --tmp-dir /tmp/amplxe-tmp-mario' returned 0
645 [140160737199872] INFO perfrun.itt <> - start itt controller for pid #89573
646 [140160737199872] INFO perfrun.tpss <> - start tpss controller for pid #89573
696 [140160746715008] INFO perfrun.launcher <> - Launcher: all plugins were started
696 [140160746715008] INFO perfrun.launcher <> - DirectoryMonitor object was created
696 [140160746715008] INFO perfrun.launcher <> - DirectoryMonitor: a callback was added
696 [140160746715008] INFO perfrun.launcher <> - DirectoryMonitor was started with pingTime = 1000
696 [140160746715008] INFO perfrun.launcher <> - DeadlineTimer is going to be constructed
696 [140160746715008] INFO perfrun.launcher <> - DeadlineTimer: a callback was added
754 [140160746715008] INFO perfrun.launcher <> - Launcher: resume the profiled application and  wait its termination or stop command
10293 [140160746715008] INFO perfrun.launcher <> - Launcher: the profiled application was terminated  with exit code = 0
10306 [140160737199872] INFO perfrun.itt <> - detach itt controller
10306 [140160737199872] INFO perfrun.itt <> - detach itt controller done
10306 [140160737199872] INFO perfrun.tpss <> - stop tpss controller
10316 [140160737199872] INFO perfrun.sdk <> - De-allocating TMU: /home/mario/Documentos/masterIngenieriaInformatica/computacionAltasPrestaciones/tema4_paralelizacionBasadaEnMemoriaCompartida/vtune_projects_lab2/head2D_vtProject/r011tr/data.0/systemcollector-89562-debian.sc
10316 [140160737199872] INFO perfrun.system <> - closed the system trace file: /home/mario/Documentos/masterIngenieriaInformatica/computacionAltasPrestaciones/tema4_paralelizacionBasadaEnMemoriaCompartida/vtune_projects_lab2/head2D_vtProject/r011tr/data.0/systemcollector-89562-debian.sc
10317 [140160746715008] INFO perfrun.launcher <> - Launcher: all plugins were stopped.
10317 [140160746715008] INFO perfrun.launcher <> - DeadlineTimer is going to be destroyed
10317 [140160746715008] INFO perfrun.launcher <> - DeadlineTimer was destroyed
10317 [140160746715008] INFO perfrun.launcher <> - DirectoryMonitor object was destroyed
10317 [140160746715008] WARN perfrun.launcher <> - Stop command is ignored because it is received when collection is already stopped, at file: vcs/perfrun1/launcher/src/command_handler.cpp:226
10318 [140160746715008] INFO perfrun.launcher <> - Application exit code: 0
10318 [140160746715008] INFO perfrun.launcher <> - Exit code: 0
