14 [139836393883520] INFO perfrun.launcher <> - Launcher main begin
15 [139836393883520] INFO perfrun.launcher <> - MessageCatalogInit finished
15 [139836393883520] INFO perfrun.launcher <> - Launcher instance created
15 [139836393883520] INFO perfrun.launcher <> - argc = 6; cmdline = /opt/intel/oneapi/vtune/2022.2.0/bin64/amplxe-runss -dump-vdso -r /home/mario/Documentos/masterIngenieriaInformatica/computacionAltasPrestaciones/tema4_paralelizacionBasadaEnMemoriaCompartida/vtune_projects_lab2/head2D_vtProject/r019tr --tmp-dir /tmp/amplxe-tmp-mario 
62 [139836393883520] INFO perfrun.launcher <> - create msngr2::ICliToolContext
63 [139836393883520] INFO perfrun.launcher <> - create file finder object
64 [139836384368384] INFO perfrun.launcher <> - plugin [remoteplug] was disabled because it doesn't support the given collection type.
64 [139836384368384] INFO perfrun.launcher <> - plugin [system] was disabled because it doesn't support the given collection type.
64 [139836384368384] INFO perfrun.vdso <> - dumping [vdso] pseudomodule
82 [139836384368384] INFO perfrun.launcher <> - plugin [itt] was disabled because it doesn't support the given collection type.
82 [139836384368384] INFO perfrun.launcher <> - plugin [ptracecollector] was disabled because it doesn't support the given collection type.
83 [139836384368384] INFO perfrun.launcher <> - plugin [gpu] was disabled because it doesn't support the given collection type.
83 [139836384368384] INFO perfrun.launcher <> - plugin [] was disabled because it doesn't support the given collection type.
83 [139836384368384] INFO perfrun.launcher <> - plugin [] was disabled because it doesn't support the given collection type.
83 [139836384368384] INFO perfrun.launcher <> - plugin [] was disabled because it doesn't support the given collection type.
83 [139836384368384] INFO perfrun.launcher <> - plugin [mrte] was disabled because it doesn't support the given collection type.
83 [139836384368384] INFO perfrun.launcher <> - plugin [emon] was disabled because it doesn't support the given collection type.
83 [139836384368384] INFO perfrun.launcher <> - plugin [cuscol] was disabled because it doesn't support the given collection type.
83 [139836384368384] INFO perfrun.launcher <> - plugin [stdsrc] was disabled because it doesn't support the given collection type.
83 [139836384368384] INFO perfrun.launcher <> - plugin [sep] was disabled because it doesn't support the given collection type.
83 [139836384368384] INFO perfrun.launcher <> - plugin [vtsspp] was disabled because it doesn't support the given collection type.
83 [139836384368384] INFO perfrun.launcher <> - plugin [perf] was disabled because it doesn't support the given collection type.
83 [139836384368384] INFO perfrun.launcher <> - plugin [aoclprofile] was disabled because it doesn't support the given collection type.
83 [139836384368384] INFO perfrun.launcher <> - plugin [tpss] was disabled because it doesn't support the given collection type.
83 [139836384368384] INFO perfrun.launcher <> - plugin [media] was disabled because it doesn't support the given collection type.
83 [139836384368384] INFO perfrun.launcher <> - plugin [] was disabled because it doesn't support the given collection type.
83 [139836384368384] INFO perfrun.launcher <> - plugin [] was disabled because it doesn't support the given collection type.
83 [139836384368384] INFO perfrun.launcher <> - plugin [parallelfs] was disabled because it doesn't support the given collection type.
83 [139836384368384] INFO perfrun.launcher <> - plugin [power] was disabled because it doesn't support the given collection type.
83 [139836384368384] INFO perfrun.launcher <> - plugin [hwloc] was disabled because it doesn't support the given collection type.
83 [139836384368384] INFO perfrun.launcher <> - plugin [ipmwatch] was disabled because it doesn't support the given collection type.
83 [139836384368384] INFO perfrun.launcher <> - plugin [os_counters] was disabled because it doesn't support the given collection type.
83 [139836384368384] INFO perfrun.launcher <> - plugin [l0_metrics] was disabled because it doesn't support the given collection type.
83 [139836393883520] INFO perfrun.launcher <> - Application exit code: 0
83 [139836393883520] INFO perfrun.launcher <> - Exit code: 0
