17 [140345378346880] INFO perfrun.launcher <> - Launcher main begin
18 [140345378346880] INFO perfrun.launcher <> - MessageCatalogInit finished
18 [140345378346880] INFO perfrun.launcher <> - Launcher instance created
18 [140345378346880] INFO perfrun.launcher <> - argc = 7; cmdline = /opt/intel/oneapi/vtune/2022.2.0/bin64/amplxe-runss --ui-output-format xml --ui-output-fd 14 --option-file /home/mario/Documentos/masterIngenieriaInformatica/computacionAltasPrestaciones/tema4_paralelizacionBasadaEnMemoriaCompartida/vtune_projects_lab2/head2D_vtProject/r030tr/config/runss.options 
95 [140345378346880] INFO perfrun.launcher <> - create msngr2::ICliToolContext
99 [140345378346880] INFO perfrun.launcher <> - create file finder object
99 [140345378346880] INFO perfrun.launcher <> - create a result directory: pattern = /home/mario/Documentos/masterIngenieriaInformatica/computacionAltasPrestaciones/tema4_paralelizacionBasadaEnMemoriaCompartida/vtune_projects_lab2/head2D_vtProject/r030tr pid = 4294967295
103 [140345378346880] INFO perfrun.sdk <> - checked that the directory /home/mario/Documentos/masterIngenieriaInformatica/computacionAltasPrestaciones/tema4_paralelizacionBasadaEnMemoriaCompartida/vtune_projects_lab2/head2D_vtProject/r030tr is a local directory
103 [140345378346880] INFO perfrun.sdk <> - the directory /home/mario/Documentos/masterIngenieriaInformatica/computacionAltasPrestaciones/tema4_paralelizacionBasadaEnMemoriaCompartida/vtune_projects_lab2/head2D_vtProject/r030tr is a local directory with FS type ID 61267
103 [140345378346880] INFO perfrun.launcher <> - create data directory = /home/mario/Documentos/masterIngenieriaInformatica/computacionAltasPrestaciones/tema4_paralelizacionBasadaEnMemoriaCompartida/vtune_projects_lab2/head2D_vtProject/r030tr/data.0
103 [140345378346880] INFO perfrun.launcher <> - Creating the master collection flag
171 [140345378346880] INFO perfrun.launcher <> - Done creating the master collection flag
172 [140345368831744] INFO perfrun.launcher <> - plugin [remoteplug] was disabled because it doesn't support the given collection type.
172 [140345368831744] INFO perfrun.sdk <> - Allocating TMU :/home/mario/Documentos/masterIngenieriaInformatica/computacionAltasPrestaciones/tema4_paralelizacionBasadaEnMemoriaCompartida/vtune_projects_lab2/head2D_vtProject/r030tr/data.0/systemcollector-17221-debian.sc
172 [140345368831744] INFO perfrun.system <> - Tpss based collection
172 [140345368831744] INFO perfrun.launcher <> - plugin [ptracecollector] was disabled because it doesn't support the given collection type.
172 [140345368831744] INFO perfrun.launcher <> - plugin [gpu] was disabled because it doesn't support the given collection type.
172 [140345368831744] INFO perfrun.launcher <> - plugin [] was disabled because it doesn't support the given collection type.
172 [140345368831744] INFO perfrun.launcher <> - plugin [] was disabled because it doesn't support the given collection type.
172 [140345368831744] INFO perfrun.launcher <> - plugin [] was disabled because it doesn't support the given collection type.
172 [140345368831744] INFO perfrun.mrte <> - system-wide mode is 0
173 [140345368831744] INFO perfrun.mrte <> - Getting  mrte profiling environment ...
193 [140345368831744] INFO perfrun.mrte <> - INTEL_MRTE_DATA_DIR=/home/mario/Documentos/masterIngenieriaInformatica/computacionAltasPrestaciones/tema4_paralelizacionBasadaEnMemoriaCompartida/vtune_projects_lab2/head2D_vtProject/r030tr/data.0
193 [140345368831744] INFO perfrun.mrte <> - INTEL_MRTE_HOST_NAME=debian
193 [140345368831744] INFO perfrun.mrte <> - JAVA_TOOL_OPTIONS=-agentlib:amplxe_tpssmrte_javaprof_1.0 -Dsun.boot.library.path=/opt/intel/oneapi/vtune/2022.2.0/lib32/runtime:/opt/intel/oneapi/vtune/2022.2.0/lib64/runtime
193 [140345368831744] INFO perfrun.mrte <> - LD_LIBRARY_PATH=/opt/intel/oneapi/vtune/2022.2.0/lib32/runtime:/opt/intel/oneapi/vtune/2022.2.0/lib64/runtime:/opt/intel/oneapi/vpl/2022.1.0/lib:/opt/intel/oneapi/tbb/2021.6.0/env/../lib/intel64/gcc4.8:/opt/intel/oneapi/mpi/2021.6.0//libfabric/lib:/opt/intel/oneapi/mpi/2021.6.0//lib/release:/opt/intel/oneapi/mpi/2021.6.0//lib:/opt/intel/oneapi/mkl/2022.1.0/lib/intel64:/opt/intel/oneapi/itac/2021.6.0/slib:/opt/intel/oneapi/ipp/2021.6.0/lib/intel64:/opt/intel/oneapi/ippcp/2021.6.0/lib/intel64:/opt/intel/oneapi/ipp/2021.6.0/lib/intel64:/opt/intel/oneapi/dnnl/2022.1.0/cpu_dpcpp_gpu_dpcpp/lib:/opt/intel/oneapi/debugger/2021.6.0/gdb/intel64/lib:/opt/intel/oneapi/debugger/2021.6.0/libipt/intel64/lib:/opt/intel/oneapi/debugger/2021.6.0/dep/lib:/opt/intel/oneapi/dal/2021.6.0/lib/intel64:/opt/intel/oneapi/compiler/2022.1.0/linux/lib:/opt/intel/oneapi/compiler/2022.1.0/linux/lib/x64:/opt/intel/oneapi/compiler/2022.1.0/linux/lib/oclfpga/host/linux64/lib:/opt/intel/oneapi/compiler/2022.1.0/linux/compiler/lib/intel64_lin:/opt/intel/oneapi/ccl/2021.6.0/lib/cpu_gpu_dpcpp
193 [140345368831744] INFO perfrun.mrte <> - CORECLR_ENABLE_PROFILING=1
193 [140345368831744] INFO perfrun.mrte <> - CORECLR_PROFILER={AA5E4821-E3B1-479c-B7FF-5AD047D22CED}
193 [140345368831744] INFO perfrun.mrte <> - CORECLR_PROFILER_PATH=/opt/intel/oneapi/vtune/2022.2.0/lib64/libamplxe_samplingmrte_clrprof_1.0.so
193 [140345368831744] INFO perfrun.mrte <> - INTEL_MRTE_PROFILER_MODE=mixed
193 [140345368831744] INFO perfrun.mrte <> - Data directory: /home/mario/Documentos/masterIngenieriaInformatica/computacionAltasPrestaciones/tema4_paralelizacionBasadaEnMemoriaCompartida/vtune_projects_lab2/head2D_vtProject/r030tr/data.0
193 [140345368831744] INFO perfrun.mrte <> - Mrte plugin is initialized
194 [140345368831744] INFO perfrun.launcher <> - plugin [emon] was disabled because it doesn't support the given collection type.
194 [140345368831744] INFO perfrun.launcher <> - plugin [cuscol] was disabled because it doesn't support the given collection type.
194 [140345368831744] INFO perfrun.launcher <> - plugin [stdsrc] was disabled because it doesn't support the given collection type.
194 [140345368831744] INFO perfrun.launcher <> - plugin [sep] was disabled because it doesn't support the given collection type.
194 [140345368831744] INFO perfrun.launcher <> - plugin [vtsspp] was disabled because it doesn't support the given collection type.
194 [140345368831744] INFO perfrun.launcher <> - plugin [perf] was disabled because it doesn't support the given collection type.
194 [140345368831744] INFO perfrun.launcher <> - plugin [aoclprofile] was disabled because it doesn't support the given collection type.
194 [140345368831744] INFO perfrun.tpss <> - initialize tpss controller
194 [140345368831744] INFO perfrun.tpss <> - configure collection mode: value = cpu:counters:nostack
194 [140345368831744] INFO perfrun.tpss <> - configure collection mode: value = cpu:stack
194 [140345368831744] INFO perfrun.tpss <> - configure collection mode: value = threading:stack
194 [140345368831744] INFO perfrun.tpss <> - configure collection mode: value = waiting:stack
194 [140345368831744] INFO perfrun.tpss <> - configure collection mode: value = io:stack
194 [140345368831744] INFO perfrun.tpss <> - default obj-size-min=1024
194 [140345368831744] INFO perfrun.tpss <> - default hash-table-size=0
194 [140345368831744] INFO perfrun.launcher <> - plugin [media] was disabled because it doesn't support the given collection type.
194 [140345368831744] INFO perfrun.launcher <> - plugin [] was disabled because it doesn't support the given collection type.
194 [140345368831744] INFO perfrun.launcher <> - plugin [] was disabled because it doesn't support the given collection type.
194 [140345368831744] INFO perfrun.launcher <> - plugin [parallelfs] was disabled because it doesn't support the given collection type.
194 [140345368831744] INFO perfrun.launcher <> - plugin [power] was disabled because it doesn't support the given collection type.
194 [140345368831744] INFO perfrun.launcher <> - plugin [hwloc] was disabled because it doesn't support the given collection type.
194 [140345368831744] INFO perfrun.launcher <> - plugin [ipmwatch] was disabled because it doesn't support the given collection type.
194 [140345368831744] INFO perfrun.launcher <> - plugin [os_counters] was disabled because it doesn't support the given collection type.
194 [140345368831744] INFO perfrun.launcher <> - plugin [l0_metrics] was disabled because it doesn't support the given collection type.
194 [140345378346880] INFO perfrun.launcher <> - set environment variable: LD_LIBRARY_PATH = /opt/intel/oneapi/vtune/2022.2.0/lib32/runtime:/opt/intel/oneapi/vtune/2022.2.0/lib64/runtime:/opt/intel/oneapi/vpl/2022.1.0/lib:/opt/intel/oneapi/tbb/2021.6.0/env/../lib/intel64/gcc4.8:/opt/intel/oneapi/mpi/2021.6.0//libfabric/lib:/opt/intel/oneapi/mpi/2021.6.0//lib/release:/opt/intel/oneapi/mpi/2021.6.0//lib:/opt/intel/oneapi/mkl/2022.1.0/lib/intel64:/opt/intel/oneapi/itac/2021.6.0/slib:/opt/intel/oneapi/ipp/2021.6.0/lib/intel64:/opt/intel/oneapi/ippcp/2021.6.0/lib/intel64:/opt/intel/oneapi/ipp/2021.6.0/lib/intel64:/opt/intel/oneapi/dnnl/2022.1.0/cpu_dpcpp_gpu_dpcpp/lib:/opt/intel/oneapi/debugger/2021.6.0/gdb/intel64/lib:/opt/intel/oneapi/debugger/2021.6.0/libipt/intel64/lib:/opt/intel/oneapi/debugger/2021.6.0/dep/lib:/opt/intel/oneapi/dal/2021.6.0/lib/intel64:/opt/intel/oneapi/compiler/2022.1.0/linux/lib:/opt/intel/oneapi/compiler/2022.1.0/linux/lib/x64:/opt/intel/oneapi/compiler/2022.1.0/linux/lib/oclfpga/host/linux64/lib:/opt/intel/oneapi/compiler/2022.1.0/linux/compiler/lib/intel64_lin:/opt/intel/oneapi/ccl/2021.6.0/lib/cpu_gpu_dpcpp
194 [140345378346880] INFO perfrun.launcher <> - set environment variable: INTEL_LIBITTNOTIFY32 = /opt/intel/oneapi/vtune/2022.2.0/lib32/runtime/libittnotify_collector.so
194 [140345378346880] INFO perfrun.launcher <> - set environment variable: INTEL_LIBITTNOTIFY64 = /opt/intel/oneapi/vtune/2022.2.0/lib64/runtime/libittnotify_collector.so
195 [140345378346880] INFO perfrun.launcher <> - set environment variable: INTEL_ITTNOTIFY_GROUPS = 
195 [140345378346880] INFO perfrun.launcher <> - set environment variable: INTEL_JIT_PROFILER32 = /opt/intel/oneapi/vtune/2022.2.0/lib32/runtime/libittnotify_collector.so
195 [140345378346880] INFO perfrun.launcher <> - set environment variable: INTEL_JIT_PROFILER64 = /opt/intel/oneapi/vtune/2022.2.0/lib64/runtime/libittnotify_collector.so
195 [140345378346880] INFO perfrun.launcher <> - set environment variable: VS_PROFILER = libittnotify_collector.so
195 [140345378346880] INFO perfrun.launcher <> - set environment variable: OMP_TOOL_LIBRARIES = /opt/intel/oneapi/vtune/2022.2.0/lib32/runtime/libittnotify_collector.so:/opt/intel/oneapi/vtune/2022.2.0/lib64/runtime/libittnotify_collector.so
195 [140345378346880] INFO perfrun.launcher <> - set environment variable: ENABLE_JITPROFILING = 1
195 [140345378346880] INFO perfrun.launcher <> - set environment variable: CL_CONFIG_USE_VTUNE = True
195 [140345378346880] INFO perfrun.launcher <> - set environment variable: INTEL_MRTE_DATA_DIR = /home/mario/Documentos/masterIngenieriaInformatica/computacionAltasPrestaciones/tema4_paralelizacionBasadaEnMemoriaCompartida/vtune_projects_lab2/head2D_vtProject/r030tr/data.0
195 [140345378346880] INFO perfrun.launcher <> - set environment variable: INTEL_MRTE_HOST_NAME = debian
195 [140345378346880] INFO perfrun.launcher <> - set environment variable: JAVA_TOOL_OPTIONS = -agentlib:amplxe_tpssmrte_javaprof_1.0 -Dsun.boot.library.path=/opt/intel/oneapi/vtune/2022.2.0/lib32/runtime:/opt/intel/oneapi/vtune/2022.2.0/lib64/runtime
195 [140345378346880] INFO perfrun.launcher <> - set environment variable: LD_LIBRARY_PATH = /opt/intel/oneapi/vtune/2022.2.0/lib32/runtime:/opt/intel/oneapi/vtune/2022.2.0/lib64/runtime:/opt/intel/oneapi/vpl/2022.1.0/lib:/opt/intel/oneapi/tbb/2021.6.0/env/../lib/intel64/gcc4.8:/opt/intel/oneapi/mpi/2021.6.0//libfabric/lib:/opt/intel/oneapi/mpi/2021.6.0//lib/release:/opt/intel/oneapi/mpi/2021.6.0//lib:/opt/intel/oneapi/mkl/2022.1.0/lib/intel64:/opt/intel/oneapi/itac/2021.6.0/slib:/opt/intel/oneapi/ipp/2021.6.0/lib/intel64:/opt/intel/oneapi/ippcp/2021.6.0/lib/intel64:/opt/intel/oneapi/ipp/2021.6.0/lib/intel64:/opt/intel/oneapi/dnnl/2022.1.0/cpu_dpcpp_gpu_dpcpp/lib:/opt/intel/oneapi/debugger/2021.6.0/gdb/intel64/lib:/opt/intel/oneapi/debugger/2021.6.0/libipt/intel64/lib:/opt/intel/oneapi/debugger/2021.6.0/dep/lib:/opt/intel/oneapi/dal/2021.6.0/lib/intel64:/opt/intel/oneapi/compiler/2022.1.0/linux/lib:/opt/intel/oneapi/compiler/2022.1.0/linux/lib/x64:/opt/intel/oneapi/compiler/2022.1.0/linux/lib/oclfpga/host/linux64/lib:/opt/intel/oneapi/compiler/2022.1.0/linux/compiler/lib/intel64_lin:/opt/intel/oneapi/ccl/2021.6.0/lib/cpu_gpu_dpcpp
195 [140345378346880] INFO perfrun.launcher <> - set environment variable: CORECLR_ENABLE_PROFILING = 1
195 [140345378346880] INFO perfrun.launcher <> - set environment variable: CORECLR_PROFILER = {AA5E4821-E3B1-479c-B7FF-5AD047D22CED}
195 [140345378346880] INFO perfrun.launcher <> - set environment variable: CORECLR_PROFILER_PATH = /opt/intel/oneapi/vtune/2022.2.0/lib64/libamplxe_samplingmrte_clrprof_1.0.so
195 [140345378346880] INFO perfrun.launcher <> - set environment variable: INTEL_MRTE_PROFILER_MODE = mixed
195 [140345378346880] INFO perfrun.launcher <> - RpcServer: run RPC server to handle requests
196 [140345378346880] INFO perfrun.launcher <> - Launcher: command line to start before modification = /home/mario/Documentos/masterIngenieriaInformatica/computacionAltasPrestaciones/tema4_paralelizacionBasadaEnMemoriaCompartida/lab2/Heat2D/heat
196 [140345378346880] INFO perfrun.launcher <> - Launcher: command line to start after modification = /opt/intel/oneapi/vtune/2022.2.0/bin64/pin -error_file /home/mario/Documentos/masterIngenieriaInformatica/computacionAltasPrestaciones/tema4_paralelizacionBasadaEnMemoriaCompartida/vtune_projects_lab2/head2D_vtProject/r030tr/data.0/pinerr.tpsslog -detach_reattach -follow_execv -tool_load_option deepbind -t64 /opt/intel/oneapi/vtune/2022.2.0/lib64/libtpsstool.so -t /opt/intel/oneapi/vtune/2022.2.0/lib32/libtpsstool.so -server_name tpss_ipc.17221 -prd_dir /opt/intel/oneapi/vtune/2022.2.0 -- /home/mario/Documentos/masterIngenieriaInformatica/computacionAltasPrestaciones/tema4_paralelizacionBasadaEnMemoriaCompartida/lab2/Heat2D/heat
196 [140345378346880] INFO perfrun.launcher <> - ProcessCreator object was created
197 [140345378346880] INFO perfrun.launcher <> - Launcher: the process was started in suspend mode
198 [140345368831744] WARN perfrun.system <> - Could not do anything with /sys/kernel/debug/kvm: boost::filesystem::status: Permission denied: "/sys/kernel/debug/kvm", at file: vcs/perfrun1/plugins/system/src/trace_writer.cpp:787
198 [140345368831744] WARN perfrun.system <> - File "/var/run/libvirt/qemu/driver.xml" doesn't exist, at file: vcs/perfrun1/plugins/system/src/trace_writer.cpp:892
199 [140345368831744] WARN perfrun.sdk <> - Failed to find xl binary on any of the system paths: /bin, /sbin, /usr/bin, /usr/sbin., at file: vcs/perfrun1/sdk/src/utils.cpp:204
199 [140345368831744] WARN perfrun.system <> - Could not start ContainerMapping collector, at file: vcs/perfrun1/plugins/system/src/controller.cpp:448
209 [140345368831744] INFO perfrun.vdso <> - Helper runtool '/opt/intel/oneapi/vtune/2022.2.0/bin32/amplxe-runss -dump-vdso -r /home/mario/Documentos/masterIngenieriaInformatica/computacionAltasPrestaciones/tema4_paralelizacionBasadaEnMemoriaCompartida/vtune_projects_lab2/head2D_vtProject/r030tr --tmp-dir /tmp/amplxe-tmp-mario' returned 1
454 [140345368831744] INFO perfrun.vdso <> - Helper runtool '/opt/intel/oneapi/vtune/2022.2.0/bin64/amplxe-runss -dump-vdso -r /home/mario/Documentos/masterIngenieriaInformatica/computacionAltasPrestaciones/tema4_paralelizacionBasadaEnMemoriaCompartida/vtune_projects_lab2/head2D_vtProject/r030tr --tmp-dir /tmp/amplxe-tmp-mario' returned 0
455 [140345368831744] INFO perfrun.itt <> - start itt controller for pid #17232
455 [140345368831744] INFO perfrun.tpss <> - start tpss controller for pid #17232
505 [140345378346880] INFO perfrun.launcher <> - Launcher: all plugins were started
505 [140345378346880] INFO perfrun.launcher <> - DirectoryMonitor object was created
505 [140345378346880] INFO perfrun.launcher <> - DirectoryMonitor: a callback was added
505 [140345378346880] INFO perfrun.launcher <> - DirectoryMonitor was started with pingTime = 1000
505 [140345378346880] INFO perfrun.launcher <> - DeadlineTimer is going to be constructed
505 [140345378346880] INFO perfrun.launcher <> - DeadlineTimer: a callback was added
561 [140345378346880] INFO perfrun.launcher <> - Launcher: resume the profiled application and  wait its termination or stop command
27347 [140345378346880] INFO perfrun.launcher <> - Launcher: the profiled application was terminated  with exit code = 0
27359 [140345368831744] INFO perfrun.itt <> - detach itt controller
27359 [140345368831744] INFO perfrun.itt <> - detach itt controller done
27359 [140345368831744] INFO perfrun.tpss <> - stop tpss controller
27359 [140345368831744] INFO perfrun.sdk <> - De-allocating TMU: /home/mario/Documentos/masterIngenieriaInformatica/computacionAltasPrestaciones/tema4_paralelizacionBasadaEnMemoriaCompartida/vtune_projects_lab2/head2D_vtProject/r030tr/data.0/systemcollector-17221-debian.sc
27359 [140345368831744] INFO perfrun.system <> - closed the system trace file: /home/mario/Documentos/masterIngenieriaInformatica/computacionAltasPrestaciones/tema4_paralelizacionBasadaEnMemoriaCompartida/vtune_projects_lab2/head2D_vtProject/r030tr/data.0/systemcollector-17221-debian.sc
27360 [140345378346880] INFO perfrun.launcher <> - Launcher: all plugins were stopped.
27360 [140345378346880] INFO perfrun.launcher <> - DeadlineTimer is going to be destroyed
27360 [140345378346880] INFO perfrun.launcher <> - DeadlineTimer was destroyed
27360 [140345378346880] INFO perfrun.launcher <> - DirectoryMonitor object was destroyed
27360 [140345378346880] WARN perfrun.launcher <> - Stop command is ignored because it is received when collection is already stopped, at file: vcs/perfrun1/launcher/src/command_handler.cpp:226
27360 [140345378346880] INFO perfrun.launcher <> - Application exit code: 0
27360 [140345378346880] INFO perfrun.launcher <> - Exit code: 0
