17 [140625570138048] INFO perfrun.launcher <> - Launcher main begin
20 [140625570138048] INFO perfrun.launcher <> - MessageCatalogInit finished
20 [140625570138048] INFO perfrun.launcher <> - Launcher instance created
20 [140625570138048] INFO perfrun.launcher <> - argc = 7; cmdline = /opt/intel/oneapi/advisor/2022.1.0/bin64/advixe-runss --ui-output-format xml --ui-output-fd 73 --option-file /home/mario/Documentos/masterIngenieriaInformatica/computacionAltasPrestaciones/tema3_paralelismoDeDatos/AdvisorProjets_lab1/NBody_adProject/e000/hs002/config/runss.options 
96 [140625570138048] INFO perfrun.launcher <> - create msngr2::ICliToolContext
98 [140625570138048] INFO perfrun.launcher <> - create file finder object
98 [140625570138048] INFO perfrun.launcher <> - create a result directory: pattern = /home/mario/Documentos/masterIngenieriaInformatica/computacionAltasPrestaciones/tema3_paralelismoDeDatos/AdvisorProjets_lab1/NBody_adProject/e000/hs002 pid = 4294967295
104 [140625570138048] INFO perfrun.sdk <> - checked that the directory /home/mario/Documentos/masterIngenieriaInformatica/computacionAltasPrestaciones/tema3_paralelismoDeDatos/AdvisorProjets_lab1/NBody_adProject/e000/hs002 is a local directory
104 [140625570138048] INFO perfrun.sdk <> - the directory /home/mario/Documentos/masterIngenieriaInformatica/computacionAltasPrestaciones/tema3_paralelismoDeDatos/AdvisorProjets_lab1/NBody_adProject/e000/hs002 is a local directory with FS type ID 61267
104 [140625570138048] INFO perfrun.launcher <> - create data directory = /home/mario/Documentos/masterIngenieriaInformatica/computacionAltasPrestaciones/tema3_paralelismoDeDatos/AdvisorProjets_lab1/NBody_adProject/e000/hs002/data.0
104 [140625570138048] INFO perfrun.launcher <> - Creating the master collection flag
396 [140625570138048] INFO perfrun.launcher <> - Done creating the master collection flag
396 [140625560622848] INFO perfrun.launcher <> - plugin [remoteplug] was disabled because it doesn't support the given collection type.
397 [140625560622848] INFO perfrun.sdk <> - Allocating TMU :/home/mario/Documentos/masterIngenieriaInformatica/computacionAltasPrestaciones/tema3_paralelismoDeDatos/AdvisorProjets_lab1/NBody_adProject/e000/hs002/data.0/systemcollector-39440-debian.sc
397 [140625560622848] INFO perfrun.launcher <> - plugin [] was disabled because it doesn't support the given collection type.
397 [140625560622848] INFO perfrun.launcher <> - plugin [gpu] was disabled because it doesn't support the given collection type.
397 [140625560622848] INFO perfrun.launcher <> - plugin [] was disabled because it doesn't support the given collection type.
397 [140625560622848] INFO perfrun.launcher <> - plugin [] was disabled because it doesn't support the given collection type.
397 [140625560622848] INFO perfrun.launcher <> - plugin [] was disabled because it doesn't support the given collection type.
397 [140625560622848] INFO perfrun.mrte <> - system-wide mode is 0
397 [140625560622848] INFO perfrun.mrte <> - Getting  mrte profiling environment ...
409 [140625560622848] INFO perfrun.mrte <> - INTEL_MRTE_DATA_DIR=/home/mario/Documentos/masterIngenieriaInformatica/computacionAltasPrestaciones/tema3_paralelismoDeDatos/AdvisorProjets_lab1/NBody_adProject/e000/hs002/data.0
409 [140625560622848] INFO perfrun.mrte <> - INTEL_MRTE_HOST_NAME=debian
409 [140625560622848] INFO perfrun.mrte <> - JAVA_TOOL_OPTIONS=-agentlib:advixe_tpssmrte_javaprof_1.0 -Dsun.boot.library.path=/opt/intel/oneapi/advisor/2022.1.0/lib32/runtime:/opt/intel/oneapi/advisor/2022.1.0/lib64/runtime
409 [140625560622848] INFO perfrun.mrte <> - LD_LIBRARY_PATH=/opt/intel/oneapi/advisor/2022.1.0/lib32/runtime:/opt/intel/oneapi/advisor/2022.1.0/lib64/runtime:/opt/intel/oneapi/vpl/2022.1.0/lib:/opt/intel/oneapi/tbb/2021.6.0/env/../lib/intel64/gcc4.8:/opt/intel/oneapi/mpi/2021.6.0//libfabric/lib:/opt/intel/oneapi/mpi/2021.6.0//lib/release:/opt/intel/oneapi/mpi/2021.6.0//lib:/opt/intel/oneapi/mkl/2022.1.0/lib/intel64:/opt/intel/oneapi/itac/2021.6.0/slib:/opt/intel/oneapi/ipp/2021.6.0/lib/intel64:/opt/intel/oneapi/ippcp/2021.6.0/lib/intel64:/opt/intel/oneapi/ipp/2021.6.0/lib/intel64:/opt/intel/oneapi/dnnl/2022.1.0/cpu_dpcpp_gpu_dpcpp/lib:/opt/intel/oneapi/debugger/2021.6.0/gdb/intel64/lib:/opt/intel/oneapi/debugger/2021.6.0/libipt/intel64/lib:/opt/intel/oneapi/debugger/2021.6.0/dep/lib:/opt/intel/oneapi/dal/2021.6.0/lib/intel64:/opt/intel/oneapi/compiler/2022.1.0/linux/lib:/opt/intel/oneapi/compiler/2022.1.0/linux/lib/x64:/opt/intel/oneapi/compiler/2022.1.0/linux/lib/oclfpga/host/linux64/lib:/opt/intel/oneapi/compiler/2022.1.0/linux/compiler/lib/intel64_lin:/opt/intel/oneapi/ccl/2021.6.0/lib/cpu_gpu_dpcpp
409 [140625560622848] INFO perfrun.mrte <> - Data directory: /home/mario/Documentos/masterIngenieriaInformatica/computacionAltasPrestaciones/tema3_paralelismoDeDatos/AdvisorProjets_lab1/NBody_adProject/e000/hs002/data.0
409 [140625560622848] INFO perfrun.mrte <> - Mrte plugin is initialized
409 [140625560622848] INFO perfrun.launcher <> - plugin [] was disabled because it doesn't support the given collection type.
409 [140625560622848] INFO perfrun.launcher <> - plugin [] was disabled because it doesn't support the given collection type.
409 [140625560622848] INFO perfrun.launcher <> - plugin [] was disabled because it doesn't support the given collection type.
409 [140625560622848] INFO perfrun.launcher <> - plugin [] was disabled because it doesn't support the given collection type.
409 [140625560622848] INFO perfrun.launcher <> - plugin [] was disabled because it doesn't support the given collection type.
409 [140625560622848] INFO perfrun.launcher <> - plugin [] was disabled because it doesn't support the given collection type.
409 [140625560622848] INFO perfrun.launcher <> - plugin [] was disabled because it doesn't support the given collection type.
409 [140625560622848] INFO perfrun.tpss <> - initialize tpss controller
409 [140625560622848] INFO perfrun.tpss <> - configure collection mode: value = cpu:stack
409 [140625560622848] INFO perfrun.tpss <> - default obj-size-min=1024
409 [140625560622848] INFO perfrun.tpss <> - default hash-table-size=0
409 [140625560622848] INFO perfrun.launcher <> - plugin [] was disabled because it doesn't support the given collection type.
409 [140625560622848] INFO perfrun.launcher <> - plugin [] was disabled because it doesn't support the given collection type.
409 [140625560622848] INFO perfrun.launcher <> - plugin [] was disabled because it doesn't support the given collection type.
409 [140625560622848] INFO perfrun.launcher <> - plugin [] was disabled because it doesn't support the given collection type.
409 [140625560622848] INFO perfrun.launcher <> - plugin [] was disabled because it doesn't support the given collection type.
409 [140625560622848] INFO perfrun.launcher <> - plugin [] was disabled because it doesn't support the given collection type.
409 [140625560622848] INFO perfrun.launcher <> - plugin [] was disabled because it doesn't support the given collection type.
409 [140625560622848] INFO perfrun.launcher <> - plugin [] was disabled because it doesn't support the given collection type.
409 [140625560622848] INFO perfrun.launcher <> - plugin [] was disabled because it doesn't support the given collection type.
409 [140625570138048] INFO perfrun.launcher <> - set environment variable: LD_LIBRARY_PATH = /opt/intel/oneapi/advisor/2022.1.0/lib32/runtime:/opt/intel/oneapi/advisor/2022.1.0/lib64/runtime:/opt/intel/oneapi/vpl/2022.1.0/lib:/opt/intel/oneapi/tbb/2021.6.0/env/../lib/intel64/gcc4.8:/opt/intel/oneapi/mpi/2021.6.0//libfabric/lib:/opt/intel/oneapi/mpi/2021.6.0//lib/release:/opt/intel/oneapi/mpi/2021.6.0//lib:/opt/intel/oneapi/mkl/2022.1.0/lib/intel64:/opt/intel/oneapi/itac/2021.6.0/slib:/opt/intel/oneapi/ipp/2021.6.0/lib/intel64:/opt/intel/oneapi/ippcp/2021.6.0/lib/intel64:/opt/intel/oneapi/ipp/2021.6.0/lib/intel64:/opt/intel/oneapi/dnnl/2022.1.0/cpu_dpcpp_gpu_dpcpp/lib:/opt/intel/oneapi/debugger/2021.6.0/gdb/intel64/lib:/opt/intel/oneapi/debugger/2021.6.0/libipt/intel64/lib:/opt/intel/oneapi/debugger/2021.6.0/dep/lib:/opt/intel/oneapi/dal/2021.6.0/lib/intel64:/opt/intel/oneapi/compiler/2022.1.0/linux/lib:/opt/intel/oneapi/compiler/2022.1.0/linux/lib/x64:/opt/intel/oneapi/compiler/2022.1.0/linux/lib/oclfpga/host/linux64/lib:/opt/intel/oneapi/compiler/2022.1.0/linux/compiler/lib/intel64_lin:/opt/intel/oneapi/ccl/2021.6.0/lib/cpu_gpu_dpcpp
410 [140625570138048] INFO perfrun.launcher <> - set environment variable: INTEL_LIBITTNOTIFY32 = /opt/intel/oneapi/advisor/2022.1.0/lib32/runtime/libittnotify_collector.so
410 [140625570138048] INFO perfrun.launcher <> - set environment variable: INTEL_LIBITTNOTIFY64 = /opt/intel/oneapi/advisor/2022.1.0/lib64/runtime/libittnotify_collector.so
410 [140625570138048] INFO perfrun.launcher <> - set environment variable: INTEL_ITTNOTIFY_GROUPS = 
410 [140625570138048] INFO perfrun.launcher <> - set environment variable: INTEL_JIT_PROFILER32 = /opt/intel/oneapi/advisor/2022.1.0/lib32/runtime/libittnotify_collector.so
410 [140625570138048] INFO perfrun.launcher <> - set environment variable: INTEL_JIT_PROFILER64 = /opt/intel/oneapi/advisor/2022.1.0/lib64/runtime/libittnotify_collector.so
410 [140625570138048] INFO perfrun.launcher <> - set environment variable: VS_PROFILER = libittnotify_collector.so
410 [140625570138048] INFO perfrun.launcher <> - set environment variable: OMP_TOOL_LIBRARIES = /opt/intel/oneapi/advisor/2022.1.0/lib32/runtime/libittnotify_collector.so:/opt/intel/oneapi/advisor/2022.1.0/lib64/runtime/libittnotify_collector.so
410 [140625570138048] INFO perfrun.launcher <> - set environment variable: ENABLE_JITPROFILING = 1
410 [140625570138048] INFO perfrun.launcher <> - set environment variable: CL_CONFIG_USE_VTUNE = True
410 [140625570138048] INFO perfrun.launcher <> - set environment variable: KMP_FORKJOIN_FRAMES = 0
410 [140625570138048] INFO perfrun.launcher <> - set environment variable: KMP_FORKJOIN_FRAMES_MODE = 0
410 [140625570138048] INFO perfrun.launcher <> - set environment variable: OMP_TOOL = disabled
410 [140625570138048] INFO perfrun.launcher <> - set environment variable: INTEL_MRTE_DATA_DIR = /home/mario/Documentos/masterIngenieriaInformatica/computacionAltasPrestaciones/tema3_paralelismoDeDatos/AdvisorProjets_lab1/NBody_adProject/e000/hs002/data.0
410 [140625570138048] INFO perfrun.launcher <> - set environment variable: INTEL_MRTE_HOST_NAME = debian
410 [140625570138048] INFO perfrun.launcher <> - set environment variable: JAVA_TOOL_OPTIONS = -agentlib:advixe_tpssmrte_javaprof_1.0 -Dsun.boot.library.path=/opt/intel/oneapi/advisor/2022.1.0/lib32/runtime:/opt/intel/oneapi/advisor/2022.1.0/lib64/runtime
410 [140625570138048] INFO perfrun.launcher <> - set environment variable: LD_LIBRARY_PATH = /opt/intel/oneapi/advisor/2022.1.0/lib32/runtime:/opt/intel/oneapi/advisor/2022.1.0/lib64/runtime:/opt/intel/oneapi/vpl/2022.1.0/lib:/opt/intel/oneapi/tbb/2021.6.0/env/../lib/intel64/gcc4.8:/opt/intel/oneapi/mpi/2021.6.0//libfabric/lib:/opt/intel/oneapi/mpi/2021.6.0//lib/release:/opt/intel/oneapi/mpi/2021.6.0//lib:/opt/intel/oneapi/mkl/2022.1.0/lib/intel64:/opt/intel/oneapi/itac/2021.6.0/slib:/opt/intel/oneapi/ipp/2021.6.0/lib/intel64:/opt/intel/oneapi/ippcp/2021.6.0/lib/intel64:/opt/intel/oneapi/ipp/2021.6.0/lib/intel64:/opt/intel/oneapi/dnnl/2022.1.0/cpu_dpcpp_gpu_dpcpp/lib:/opt/intel/oneapi/debugger/2021.6.0/gdb/intel64/lib:/opt/intel/oneapi/debugger/2021.6.0/libipt/intel64/lib:/opt/intel/oneapi/debugger/2021.6.0/dep/lib:/opt/intel/oneapi/dal/2021.6.0/lib/intel64:/opt/intel/oneapi/compiler/2022.1.0/linux/lib:/opt/intel/oneapi/compiler/2022.1.0/linux/lib/x64:/opt/intel/oneapi/compiler/2022.1.0/linux/lib/oclfpga/host/linux64/lib:/opt/intel/oneapi/compiler/2022.1.0/linux/compiler/lib/intel64_lin:/opt/intel/oneapi/ccl/2021.6.0/lib/cpu_gpu_dpcpp
410 [140625570138048] INFO perfrun.launcher <> - RpcServer: run RPC server to handle requests
411 [140625570138048] INFO perfrun.launcher <> - Launcher: command line to start before modification = /home/mario/Documentos/masterIngenieriaInformatica/computacionAltasPrestaciones/tema3_paralelismoDeDatos/lab1/NBody/nbody
411 [140625570138048] INFO perfrun.launcher <> - Launcher: command line to start after modification = /opt/intel/oneapi/advisor/2022.1.0/bin64/pin -error_file /home/mario/Documentos/masterIngenieriaInformatica/computacionAltasPrestaciones/tema3_paralelismoDeDatos/AdvisorProjets_lab1/NBody_adProject/e000/hs002/data.0/pinerr.tpsslog -detach_reattach -follow_execv -tool_load_option deepbind -t64 /opt/intel/oneapi/advisor/2022.1.0/lib64/libtpsstool.so -t /opt/intel/oneapi/advisor/2022.1.0/lib32/libtpsstool.so -server_name tpss_ipc.39440 -prd_dir /opt/intel/oneapi/advisor/2022.1.0 -- /home/mario/Documentos/masterIngenieriaInformatica/computacionAltasPrestaciones/tema3_paralelismoDeDatos/lab1/NBody/nbody
411 [140625570138048] INFO perfrun.launcher <> - ProcessCreator object was created
412 [140625570138048] INFO perfrun.launcher <> - Launcher: the process was started in suspend mode
413 [140625560622848] WARN perfrun.system <> - Could not do anything with /sys/kernel/debug/kvm: boost::filesystem::status: Permission denied: "/sys/kernel/debug/kvm", at file: vcs/perfrun1/plugins/system/src/trace_writer.cpp:787
413 [140625560622848] WARN perfrun.system <> - File "/var/run/libvirt/qemu/driver.xml" doesn't exist, at file: vcs/perfrun1/plugins/system/src/trace_writer.cpp:892
414 [140625560622848] WARN perfrun.sdk <> - Failed to find xl binary on any of the system paths: /bin, /sbin, /usr/bin, /usr/sbin., at file: vcs/perfrun1/sdk/src/utils.cpp:204
426 [140625560622848] INFO perfrun.vdso <> - Helper runtool '/opt/intel/oneapi/advisor/2022.1.0/bin32/advixe-runss -dump-vdso -r /home/mario/Documentos/masterIngenieriaInformatica/computacionAltasPrestaciones/tema3_paralelismoDeDatos/AdvisorProjets_lab1/NBody_adProject/e000/hs002 --tmp-dir /tmp/advixe-tmp-mario' returned 1
604 [140625560622848] INFO perfrun.vdso <> - Helper runtool '/opt/intel/oneapi/advisor/2022.1.0/bin64/advixe-runss -dump-vdso -r /home/mario/Documentos/masterIngenieriaInformatica/computacionAltasPrestaciones/tema3_paralelismoDeDatos/AdvisorProjets_lab1/NBody_adProject/e000/hs002 --tmp-dir /tmp/advixe-tmp-mario' returned 0
604 [140625560622848] INFO perfrun.itt <> - start itt controller for pid #39453
604 [140625560622848] INFO perfrun.tpss <> - start tpss controller for pid #39453
655 [140625570138048] INFO perfrun.launcher <> - Launcher: all plugins were started
655 [140625570138048] INFO perfrun.launcher <> - DirectoryMonitor object was created
655 [140625570138048] INFO perfrun.launcher <> - DirectoryMonitor: a callback was added
655 [140625570138048] INFO perfrun.launcher <> - DirectoryMonitor was started with pingTime = 1000
655 [140625570138048] INFO perfrun.launcher <> - DeadlineTimer is going to be constructed
655 [140625570138048] INFO perfrun.launcher <> - DeadlineTimer: a callback was added
708 [140625570138048] INFO perfrun.launcher <> - Launcher: resume the profiled application and  wait its termination or stop command
1004 [140625570138048] INFO perfrun.launcher <> - Launcher: the profiled application was terminated  with exit code = 0
1013 [140625560622848] INFO perfrun.itt <> - detach itt controller
1013 [140625560622848] INFO perfrun.itt <> - detach itt controller done
1013 [140625560622848] INFO perfrun.tpss <> - stop tpss controller
1014 [140625560622848] INFO perfrun.sdk <> - De-allocating TMU: /home/mario/Documentos/masterIngenieriaInformatica/computacionAltasPrestaciones/tema3_paralelismoDeDatos/AdvisorProjets_lab1/NBody_adProject/e000/hs002/data.0/systemcollector-39440-debian.sc
1014 [140625560622848] INFO perfrun.system <> - closed the system trace file: /home/mario/Documentos/masterIngenieriaInformatica/computacionAltasPrestaciones/tema3_paralelismoDeDatos/AdvisorProjets_lab1/NBody_adProject/e000/hs002/data.0/systemcollector-39440-debian.sc
1014 [140625570138048] INFO perfrun.launcher <> - Launcher: all plugins were stopped.
1014 [140625570138048] INFO perfrun.launcher <> - DeadlineTimer is going to be destroyed
1014 [140625570138048] INFO perfrun.launcher <> - DeadlineTimer was destroyed
1014 [140625570138048] INFO perfrun.launcher <> - DirectoryMonitor object was destroyed
1014 [140625570138048] WARN perfrun.launcher <> - Stop command is ignored because it is received when collection is already stopped, at file: vcs/perfrun1/launcher/src/command_handler.cpp:226
1015 [140625570138048] INFO perfrun.launcher <> - Application exit code: 0
1015 [140625570138048] INFO perfrun.launcher <> - Exit code: 0
